{"/Users/liantian/workspace/osprojects/deepclaw/src/config.ts": {"path":"/Users/liantian/workspace/osprojects/deepclaw/src/config.ts","all":false,"statementMap":{"0":{"start":{"line":1,"column":0},"end":{"line":1,"column":3}},"1":{"start":{"line":2,"column":0},"end":{"line":2,"column":25}},"2":{"start":{"line":3,"column":0},"end":{"line":3,"column":3}},"3":{"start":{"line":4,"column":0},"end":{"line":4,"column":0}},"4":{"start":{"line":5,"column":0},"end":{"line":5,"column":24}},"5":{"start":{"line":6,"column":0},"end":{"line":6,"column":55}},"6":{"start":{"line":7,"column":0},"end":{"line":7,"column":0}},"7":{"start":{"line":8,"column":0},"end":{"line":8,"column":31}},"8":{"start":{"line":9,"column":0},"end":{"line":9,"column":80}},"9":{"start":{"line":10,"column":0},"end":{"line":10,"column":53}},"10":{"start":{"line":11,"column":0},"end":{"line":11,"column":59}},"11":{"start":{"line":12,"column":0},"end":{"line":12,"column":72}},"12":{"start":{"line":13,"column":0},"end":{"line":13,"column":8}},"13":{"start":{"line":14,"column":0},"end":{"line":14,"column":13}},"14":{"start":{"line":15,"column":0},"end":{"line":15,"column":27}},"15":{"start":{"line":16,"column":0},"end":{"line":16,"column":35}},"16":{"start":{"line":17,"column":0},"end":{"line":17,"column":36}},"17":{"start":{"line":18,"column":0},"end":{"line":18,"column":6}},"18":{"start":{"line":19,"column":0},"end":{"line":19,"column":16}},"19":{"start":{"line":20,"column":0},"end":{"line":20,"column":3}},"20":{"start":{"line":21,"column":0},"end":{"line":21,"column":0}},"21":{"start":{"line":22,"column":0},"end":{"line":22,"column":99}},"22":{"start":{"line":23,"column":0},"end":{"line":23,"column":29}},"23":{"start":{"line":24,"column":0},"end":{"line":24,"column":39}},"24":{"start":{"line":25,"column":0},"end":{"line":25,"column":94}},"25":{"start":{"line":26,"column":0},"end":{"line":26,"column":83}},"26":{"start":{"line":27,"column":0},"end":{"line":27,"column":45}},"27":{"start":{"line":28,"column":0},"end":{"line":28,"column":34}},"28":{"start":{"line":29,"column":0},"end":{"line":29,"column":9}},"29":{"start":{"line":30,"column":0},"end":{"line":30,"column":46}},"30":{"start":{"line":31,"column":0},"end":{"line":31,"column":40}},"31":{"start":{"line":32,"column":0},"end":{"line":32,"column":43}},"32":{"start":{"line":33,"column":0},"end":{"line":33,"column":9}},"33":{"start":{"line":34,"column":0},"end":{"line":34,"column":18}},"34":{"start":{"line":35,"column":0},"end":{"line":35,"column":5}},"35":{"start":{"line":36,"column":0},"end":{"line":36,"column":1}},"36":{"start":{"line":37,"column":0},"end":{"line":37,"column":0}},"37":{"start":{"line":38,"column":0},"end":{"line":38,"column":46}},"38":{"start":{"line":39,"column":0},"end":{"line":39,"column":30}},"39":{"start":{"line":40,"column":0},"end":{"line":40,"column":17}},"40":{"start":{"line":41,"column":0},"end":{"line":41,"column":17}},"41":{"start":{"line":42,"column":0},"end":{"line":42,"column":27}},"42":{"start":{"line":43,"column":0},"end":{"line":43,"column":2}}},"s":{"0":1,"1":1,"2":1,"3":1,"4":1,"5":1,"6":1,"7":1,"8":1,"9":1,"10":1,"11":1,"12":1,"13":1,"14":1,"15":1,"16":1,"17":1,"18":1,"19":1,"20":1,"21":1,"22":3,"23":3,"24":3,"25":3,"26":3,"27":3,"28":1,"29":1,"30":1,"31":1,"32":1,"33":2,"34":3,"35":3,"36":1,"37":1,"38":1,"39":1,"40":1,"41":1,"42":1},"branchMap":{"0":{"type":"branch","line":22,"loc":{"start":{"line":22,"column":7},"end":{"line":36,"column":1}},"locations":[{"start":{"line":22,"column":7},"end":{"line":36,"column":1}}]},"1":{"type":"branch","line":25,"loc":{"start":{"line":25,"column":20},"end":{"line":25,"column":84}},"locations":[{"start":{"line":25,"column":20},"end":{"line":25,"column":84}}]},"2":{"type":"branch","line":25,"loc":{"start":{"line":25,"column":80},"end":{"line":25,"column":94}},"locations":[{"start":{"line":25,"column":80},"end":{"line":25,"column":94}}]},"3":{"type":"branch","line":26,"loc":{"start":{"line":26,"column":17},"end":{"line":26,"column":73}},"locations":[{"start":{"line":26,"column":17},"end":{"line":26,"column":73}}]},"4":{"type":"branch","line":26,"loc":{"start":{"line":26,"column":69},"end":{"line":26,"column":83}},"locations":[{"start":{"line":26,"column":69},"end":{"line":26,"column":83}}]},"5":{"type":"branch","line":28,"loc":{"start":{"line":28,"column":13},"end":{"line":33,"column":9}},"locations":[{"start":{"line":28,"column":13},"end":{"line":33,"column":9}}]},"6":{"type":"branch","line":33,"loc":{"start":{"line":33,"column":8},"end":{"line":34,"column":18}},"locations":[{"start":{"line":33,"column":8},"end":{"line":34,"column":18}}]}},"b":{"0":[3],"1":[1],"2":[2],"3":[1],"4":[2],"5":[1],"6":[2]},"fnMap":{"0":{"name":"loadConfig","decl":{"start":{"line":22,"column":7},"end":{"line":36,"column":1}},"loc":{"start":{"line":22,"column":7},"end":{"line":36,"column":1}},"line":22}},"f":{"0":3}}
,"/Users/liantian/workspace/osprojects/deepclaw/src/index.ts": {"path":"/Users/liantian/workspace/osprojects/deepclaw/src/index.ts","all":false,"statementMap":{"0":{"start":{"line":1,"column":0},"end":{"line":1,"column":3}},"1":{"start":{"line":2,"column":0},"end":{"line":2,"column":23}},"2":{"start":{"line":3,"column":0},"end":{"line":3,"column":75}},"3":{"start":{"line":4,"column":0},"end":{"line":4,"column":3}},"4":{"start":{"line":5,"column":0},"end":{"line":5,"column":0}},"5":{"start":{"line":6,"column":0},"end":{"line":6,"column":36}},"6":{"start":{"line":7,"column":0},"end":{"line":7,"column":0}},"7":{"start":{"line":8,"column":0},"end":{"line":8,"column":15}},"8":{"start":{"line":9,"column":0},"end":{"line":9,"column":33}},"9":{"start":{"line":10,"column":0},"end":{"line":10,"column":34}},"10":{"start":{"line":11,"column":0},"end":{"line":11,"column":36}},"11":{"start":{"line":12,"column":0},"end":{"line":12,"column":33}},"12":{"start":{"line":13,"column":0},"end":{"line":13,"column":0}},"13":{"start":{"line":14,"column":0},"end":{"line":14,"column":45}},"14":{"start":{"line":15,"column":0},"end":{"line":15,"column":38}},"15":{"start":{"line":16,"column":0},"end":{"line":16,"column":37}},"16":{"start":{"line":17,"column":0},"end":{"line":17,"column":0}},"17":{"start":{"line":18,"column":0},"end":{"line":18,"column":47}},"18":{"start":{"line":19,"column":0},"end":{"line":19,"column":34}},"19":{"start":{"line":20,"column":0},"end":{"line":20,"column":37}},"20":{"start":{"line":21,"column":0},"end":{"line":21,"column":0}},"21":{"start":{"line":22,"column":0},"end":{"line":22,"column":35}},"22":{"start":{"line":23,"column":0},"end":{"line":23,"column":37}},"23":{"start":{"line":24,"column":0},"end":{"line":24,"column":0}},"24":{"start":{"line":25,"column":0},"end":{"line":25,"column":32}},"25":{"start":{"line":26,"column":0},"end":{"line":26,"column":36}},"26":{"start":{"line":27,"column":0},"end":{"line":27,"column":0}},"27":{"start":{"line":28,"column":0},"end":{"line":28,"column":38}},"28":{"start":{"line":29,"column":0},"end":{"line":29,"column":43}}},"s":{"0":1,"1":1,"2":1,"3":1,"4":1,"5":1,"6":1,"7":1,"8":1,"9":1,"10":1,"11":1,"12":1,"13":1,"14":1,"15":1,"16":1,"17":1,"18":1,"19":1,"20":1,"21":1,"22":1,"23":1,"24":1,"25":1,"26":1,"27":1,"28":1},"branchMap":{},"b":{},"fnMap":{},"f":{}}
,"/Users/liantian/workspace/osprojects/deepclaw/src/agents/base_agent.ts": {"path":"/Users/liantian/workspace/osprojects/deepclaw/src/agents/base_agent.ts","all":false,"statementMap":{"0":{"start":{"line":1,"column":0},"end":{"line":1,"column":28}},"1":{"start":{"line":2,"column":0},"end":{"line":2,"column":101}},"2":{"start":{"line":3,"column":0},"end":{"line":3,"column":65}},"3":{"start":{"line":4,"column":0},"end":{"line":4,"column":0}},"4":{"start":{"line":5,"column":0},"end":{"line":5,"column":27}},"5":{"start":{"line":6,"column":0},"end":{"line":6,"column":0}},"6":{"start":{"line":7,"column":0},"end":{"line":7,"column":33}},"7":{"start":{"line":8,"column":0},"end":{"line":8,"column":31}},"8":{"start":{"line":9,"column":0},"end":{"line":9,"column":44}},"9":{"start":{"line":10,"column":0},"end":{"line":10,"column":49}},"10":{"start":{"line":11,"column":0},"end":{"line":11,"column":46}},"11":{"start":{"line":12,"column":0},"end":{"line":12,"column":24}},"12":{"start":{"line":13,"column":0},"end":{"line":13,"column":0}},"13":{"start":{"line":14,"column":0},"end":{"line":14,"column":67}},"14":{"start":{"line":15,"column":0},"end":{"line":15,"column":19}},"15":{"start":{"line":16,"column":0},"end":{"line":16,"column":81}},"16":{"start":{"line":17,"column":0},"end":{"line":17,"column":23}},"17":{"start":{"line":18,"column":0},"end":{"line":18,"column":20}},"18":{"start":{"line":19,"column":0},"end":{"line":19,"column":23}},"19":{"start":{"line":20,"column":0},"end":{"line":20,"column":16}},"20":{"start":{"line":21,"column":0},"end":{"line":21,"column":6}},"21":{"start":{"line":22,"column":0},"end":{"line":22,"column":3}},"22":{"start":{"line":23,"column":0},"end":{"line":23,"column":0}},"23":{"start":{"line":24,"column":0},"end":{"line":24,"column":58}},"24":{"start":{"line":25,"column":0},"end":{"line":25,"column":0}},"25":{"start":{"line":26,"column":0},"end":{"line":26,"column":40}},"26":{"start":{"line":27,"column":0},"end":{"line":27,"column":53}},"27":{"start":{"line":28,"column":0},"end":{"line":28,"column":32}},"28":{"start":{"line":29,"column":0},"end":{"line":29,"column":5}},"29":{"start":{"line":30,"column":0},"end":{"line":30,"column":32}},"30":{"start":{"line":31,"column":0},"end":{"line":31,"column":3}},"31":{"start":{"line":32,"column":0},"end":{"line":32,"column":0}},"32":{"start":{"line":33,"column":0},"end":{"line":33,"column":41}},"33":{"start":{"line":34,"column":0},"end":{"line":34,"column":45}},"34":{"start":{"line":35,"column":0},"end":{"line":35,"column":3}},"35":{"start":{"line":36,"column":0},"end":{"line":36,"column":0}},"36":{"start":{"line":37,"column":0},"end":{"line":37,"column":33}},"37":{"start":{"line":38,"column":0},"end":{"line":38,"column":36}},"38":{"start":{"line":39,"column":0},"end":{"line":39,"column":3}},"39":{"start":{"line":40,"column":0},"end":{"line":40,"column":0}},"40":{"start":{"line":41,"column":0},"end":{"line":41,"column":32}},"41":{"start":{"line":42,"column":0},"end":{"line":42,"column":12}},"42":{"start":{"line":43,"column":0},"end":{"line":43,"column":29}},"43":{"start":{"line":44,"column":0},"end":{"line":44,"column":29}},"44":{"start":{"line":45,"column":0},"end":{"line":45,"column":26}},"45":{"start":{"line":46,"column":0},"end":{"line":46,"column":45}},"46":{"start":{"line":47,"column":0},"end":{"line":47,"column":42}},"47":{"start":{"line":48,"column":0},"end":{"line":48,"column":51}},"48":{"start":{"line":49,"column":0},"end":{"line":49,"column":6}},"49":{"start":{"line":50,"column":0},"end":{"line":50,"column":3}},"50":{"start":{"line":51,"column":0},"end":{"line":51,"column":0}},"51":{"start":{"line":52,"column":0},"end":{"line":52,"column":21}},"52":{"start":{"line":53,"column":0},"end":{"line":53,"column":44}},"53":{"start":{"line":54,"column":0},"end":{"line":54,"column":3}},"54":{"start":{"line":55,"column":0},"end":{"line":55,"column":0}},"55":{"start":{"line":56,"column":0},"end":{"line":56,"column":62}},"56":{"start":{"line":57,"column":0},"end":{"line":57,"column":24}},"57":{"start":{"line":58,"column":0},"end":{"line":58,"column":14}},"58":{"start":{"line":59,"column":0},"end":{"line":59,"column":24}},"59":{"start":{"line":60,"column":0},"end":{"line":60,"column":31}},"60":{"start":{"line":61,"column":0},"end":{"line":61,"column":25}},"61":{"start":{"line":62,"column":0},"end":{"line":62,"column":21}},"62":{"start":{"line":63,"column":0},"end":{"line":63,"column":22}},"63":{"start":{"line":64,"column":0},"end":{"line":64,"column":35}},"64":{"start":{"line":65,"column":0},"end":{"line":65,"column":34}},"65":{"start":{"line":66,"column":0},"end":{"line":66,"column":8}},"66":{"start":{"line":67,"column":0},"end":{"line":67,"column":5}},"67":{"start":{"line":68,"column":0},"end":{"line":68,"column":0}},"68":{"start":{"line":69,"column":0},"end":{"line":69,"column":35}},"69":{"start":{"line":70,"column":0},"end":{"line":70,"column":33}},"70":{"start":{"line":71,"column":0},"end":{"line":71,"column":21}},"71":{"start":{"line":72,"column":0},"end":{"line":72,"column":29}},"72":{"start":{"line":73,"column":0},"end":{"line":73,"column":0}},"73":{"start":{"line":74,"column":0},"end":{"line":74,"column":9}},"74":{"start":{"line":75,"column":0},"end":{"line":75,"column":46}},"75":{"start":{"line":76,"column":0},"end":{"line":76,"column":42}},"76":{"start":{"line":77,"column":0},"end":{"line":77,"column":53}},"77":{"start":{"line":78,"column":0},"end":{"line":78,"column":20}},"78":{"start":{"line":79,"column":0},"end":{"line":79,"column":19}},"79":{"start":{"line":80,"column":0},"end":{"line":80,"column":38}},"80":{"start":{"line":81,"column":0},"end":{"line":81,"column":14}},"81":{"start":{"line":82,"column":0},"end":{"line":82,"column":24}},"82":{"start":{"line":83,"column":0},"end":{"line":83,"column":31}},"83":{"start":{"line":84,"column":0},"end":{"line":84,"column":25}},"84":{"start":{"line":85,"column":0},"end":{"line":85,"column":21}},"85":{"start":{"line":86,"column":0},"end":{"line":86,"column":22}},"86":{"start":{"line":87,"column":0},"end":{"line":87,"column":52}},"87":{"start":{"line":88,"column":0},"end":{"line":88,"column":60}},"88":{"start":{"line":89,"column":0},"end":{"line":89,"column":8}},"89":{"start":{"line":90,"column":0},"end":{"line":90,"column":15}},"90":{"start":{"line":91,"column":0},"end":{"line":91,"column":32}},"91":{"start":{"line":92,"column":0},"end":{"line":92,"column":63}},"92":{"start":{"line":93,"column":0},"end":{"line":93,"column":5}},"93":{"start":{"line":94,"column":0},"end":{"line":94,"column":3}},"94":{"start":{"line":95,"column":0},"end":{"line":95,"column":0}},"95":{"start":{"line":96,"column":0},"end":{"line":96,"column":150}},"96":{"start":{"line":97,"column":0},"end":{"line":97,"column":12}},"97":{"start":{"line":98,"column":0},"end":{"line":98,"column":30}},"98":{"start":{"line":99,"column":0},"end":{"line":99,"column":11}},"99":{"start":{"line":100,"column":0},"end":{"line":100,"column":29}},"100":{"start":{"line":101,"column":0},"end":{"line":101,"column":9}},"101":{"start":{"line":102,"column":0},"end":{"line":102,"column":13}},"102":{"start":{"line":103,"column":0},"end":{"line":103,"column":14}},"103":{"start":{"line":104,"column":0},"end":{"line":104,"column":28}},"104":{"start":{"line":105,"column":0},"end":{"line":105,"column":20}},"105":{"start":{"line":106,"column":0},"end":{"line":106,"column":6}},"106":{"start":{"line":107,"column":0},"end":{"line":107,"column":3}},"107":{"start":{"line":108,"column":0},"end":{"line":108,"column":1}}},"s":{"0":1,"1":1,"2":1,"3":1,"4":1,"5":1,"6":1,"7":72,"8":72,"9":72,"10":72,"11":72,"12":72,"13":72,"14":72,"15":72,"16":72,"17":72,"18":72,"19":72,"20":72,"21":72,"22":72,"23":72,"24":72,"25":72,"26":2,"27":0,"28":0,"29":2,"30":2,"31":72,"32":72,"33":1,"34":1,"35":72,"36":72,"37":1,"38":1,"39":72,"40":72,"41":4,"42":4,"43":4,"44":4,"45":4,"46":4,"47":4,"48":4,"49":4,"50":72,"51":72,"52":2,"53":2,"54":72,"55":72,"56":0,"57":0,"58":0,"59":0,"60":0,"61":0,"62":0,"63":0,"64":0,"65":0,"66":0,"67":0,"68":0,"69":0,"70":0,"71":0,"72":0,"73":0,"74":0,"75":0,"76":0,"77":0,"78":0,"79":0,"80":0,"81":0,"82":0,"83":0,"84":0,"85":0,"86":0,"87":0,"88":0,"89":0,"90":0,"91":0,"92":0,"93":0,"94":72,"95":72,"96":0,"97":0,"98":0,"99":0,"100":0,"101":0,"102":0,"103":0,"104":0,"105":0,"106":0,"107":72},"branchMap":{"0":{"type":"branch","line":7,"loc":{"start":{"line":7,"column":32},"end":{"line":108,"column":1}},"locations":[{"start":{"line":7,"column":32},"end":{"line":108,"column":1}}]},"1":{"type":"branch","line":14,"loc":{"start":{"line":14,"column":2},"end":{"line":22,"column":3}},"locations":[{"start":{"line":14,"column":2},"end":{"line":22,"column":3}}]},"2":{"type":"branch","line":26,"loc":{"start":{"line":26,"column":2},"end":{"line":31,"column":3}},"locations":[{"start":{"line":26,"column":2},"end":{"line":31,"column":3}}]},"3":{"type":"branch","line":27,"loc":{"start":{"line":27,"column":52},"end":{"line":29,"column":5}},"locations":[{"start":{"line":27,"column":52},"end":{"line":29,"column":5}}]},"4":{"type":"branch","line":33,"loc":{"start":{"line":33,"column":2},"end":{"line":35,"column":3}},"locations":[{"start":{"line":33,"column":2},"end":{"line":35,"column":3}}]},"5":{"type":"branch","line":34,"loc":{"start":{"line":34,"column":35},"end":{"line":34,"column":45}},"locations":[{"start":{"line":34,"column":35},"end":{"line":34,"column":45}}]},"6":{"type":"branch","line":37,"loc":{"start":{"line":37,"column":2},"end":{"line":39,"column":3}},"locations":[{"start":{"line":37,"column":2},"end":{"line":39,"column":3}}]},"7":{"type":"branch","line":41,"loc":{"start":{"line":41,"column":2},"end":{"line":50,"column":3}},"locations":[{"start":{"line":41,"column":2},"end":{"line":50,"column":3}}]},"8":{"type":"branch","line":52,"loc":{"start":{"line":52,"column":2},"end":{"line":54,"column":3}},"locations":[{"start":{"line":52,"column":2},"end":{"line":54,"column":3}}]}},"b":{"0":[72],"1":[72],"2":[2],"3":[0],"4":[1],"5":[0],"6":[1],"7":[4],"8":[2]},"fnMap":{"0":{"name":"<instance_members_initializer>","decl":{"start":{"line":7,"column":32},"end":{"line":108,"column":1}},"loc":{"start":{"line":7,"column":32},"end":{"line":108,"column":1}},"line":7},"1":{"name":"BaseAgent","decl":{"start":{"line":14,"column":2},"end":{"line":22,"column":3}},"loc":{"start":{"line":14,"column":2},"end":{"line":22,"column":3}},"line":14},"2":{"name":"sendMessage","decl":{"start":{"line":26,"column":2},"end":{"line":31,"column":3}},"loc":{"start":{"line":26,"column":2},"end":{"line":31,"column":3}},"line":26},"3":{"name":"receiveMessage","decl":{"start":{"line":33,"column":2},"end":{"line":35,"column":3}},"loc":{"start":{"line":33,"column":2},"end":{"line":35,"column":3}},"line":33},"4":{"name":"getMessageQueueSize","decl":{"start":{"line":37,"column":2},"end":{"line":39,"column":3}},"loc":{"start":{"line":37,"column":2},"end":{"line":39,"column":3}},"line":37},"5":{"name":"getStatus","decl":{"start":{"line":41,"column":2},"end":{"line":50,"column":3}},"loc":{"start":{"line":41,"column":2},"end":{"line":50,"column":3}},"line":41},"6":{"name":"isBusy","decl":{"start":{"line":52,"column":2},"end":{"line":54,"column":3}},"loc":{"start":{"line":52,"column":2},"end":{"line":54,"column":3}},"line":52},"7":{"name":"run","decl":{"start":{"line":56,"column":2},"end":{"line":94,"column":3}},"loc":{"start":{"line":56,"column":2},"end":{"line":94,"column":3}},"line":56},"8":{"name":"createMessage","decl":{"start":{"line":96,"column":12},"end":{"line":107,"column":3}},"loc":{"start":{"line":96,"column":12},"end":{"line":107,"column":3}},"line":96}},"f":{"0":72,"1":72,"2":2,"3":1,"4":1,"5":4,"6":2,"7":0,"8":0}}
,"/Users/liantian/workspace/osprojects/deepclaw/src/agents/index.ts": {"path":"/Users/liantian/workspace/osprojects/deepclaw/src/agents/index.ts","all":false,"statementMap":{"0":{"start":{"line":1,"column":0},"end":{"line":1,"column":27}},"1":{"start":{"line":2,"column":0},"end":{"line":2,"column":44}},"2":{"start":{"line":3,"column":0},"end":{"line":3,"column":49}},"3":{"start":{"line":4,"column":0},"end":{"line":4,"column":73}},"4":{"start":{"line":5,"column":0},"end":{"line":5,"column":67}},"5":{"start":{"line":6,"column":0},"end":{"line":6,"column":76}},"6":{"start":{"line":7,"column":0},"end":{"line":7,"column":70}}},"s":{"0":1,"1":1,"2":1,"3":1,"4":1,"5":1,"6":1},"branchMap":{},"b":{},"fnMap":{},"f":{}}
,"/Users/liantian/workspace/osprojects/deepclaw/src/agents/orchestrator.ts": {"path":"/Users/liantian/workspace/osprojects/deepclaw/src/agents/orchestrator.ts","all":false,"statementMap":{"0":{"start":{"line":1,"column":0},"end":{"line":1,"column":28}},"1":{"start":{"line":2,"column":0},"end":{"line":2,"column":44}},"2":{"start":{"line":3,"column":0},"end":{"line":3,"column":161}},"3":{"start":{"line":4,"column":0},"end":{"line":4,"column":52}},"4":{"start":{"line":5,"column":0},"end":{"line":5,"column":0}},"5":{"start":{"line":6,"column":0},"end":{"line":6,"column":46}},"6":{"start":{"line":7,"column":0},"end":{"line":7,"column":95}},"7":{"start":{"line":8,"column":0},"end":{"line":8,"column":96}},"8":{"start":{"line":9,"column":0},"end":{"line":9,"column":103}},"9":{"start":{"line":10,"column":0},"end":{"line":10,"column":96}},"10":{"start":{"line":11,"column":0},"end":{"line":11,"column":2}},"11":{"start":{"line":12,"column":0},"end":{"line":12,"column":0}},"12":{"start":{"line":13,"column":0},"end":{"line":13,"column":43}},"13":{"start":{"line":14,"column":0},"end":{"line":14,"column":59}},"14":{"start":{"line":15,"column":0},"end":{"line":15,"column":1}},"15":{"start":{"line":16,"column":0},"end":{"line":16,"column":0}},"16":{"start":{"line":17,"column":0},"end":{"line":17,"column":27}},"17":{"start":{"line":18,"column":0},"end":{"line":18,"column":56}},"18":{"start":{"line":19,"column":0},"end":{"line":19,"column":28}},"19":{"start":{"line":20,"column":0},"end":{"line":20,"column":0}},"20":{"start":{"line":21,"column":0},"end":{"line":21,"column":41}},"21":{"start":{"line":22,"column":0},"end":{"line":22,"column":46}},"22":{"start":{"line":23,"column":0},"end":{"line":23,"column":3}},"23":{"start":{"line":24,"column":0},"end":{"line":24,"column":0}},"24":{"start":{"line":25,"column":0},"end":{"line":25,"column":45}},"25":{"start":{"line":26,"column":0},"end":{"line":26,"column":36}},"26":{"start":{"line":27,"column":0},"end":{"line":27,"column":3}},"27":{"start":{"line":28,"column":0},"end":{"line":28,"column":0}},"28":{"start":{"line":29,"column":0},"end":{"line":29,"column":52}},"29":{"start":{"line":30,"column":0},"end":{"line":30,"column":33}},"30":{"start":{"line":31,"column":0},"end":{"line":31,"column":3}},"31":{"start":{"line":32,"column":0},"end":{"line":32,"column":0}},"32":{"start":{"line":33,"column":0},"end":{"line":33,"column":113}},"33":{"start":{"line":34,"column":0},"end":{"line":34,"column":122}},"34":{"start":{"line":35,"column":0},"end":{"line":35,"column":77}},"35":{"start":{"line":36,"column":0},"end":{"line":36,"column":3}},"36":{"start":{"line":37,"column":0},"end":{"line":37,"column":0}},"37":{"start":{"line":38,"column":0},"end":{"line":38,"column":76}},"38":{"start":{"line":39,"column":0},"end":{"line":39,"column":25}},"39":{"start":{"line":40,"column":0},"end":{"line":40,"column":66}},"40":{"start":{"line":41,"column":0},"end":{"line":41,"column":5}},"41":{"start":{"line":42,"column":0},"end":{"line":42,"column":26}},"42":{"start":{"line":43,"column":0},"end":{"line":43,"column":29}},"43":{"start":{"line":44,"column":0},"end":{"line":44,"column":0}},"44":{"start":{"line":45,"column":0},"end":{"line":45,"column":9}},"45":{"start":{"line":46,"column":0},"end":{"line":46,"column":94}},"46":{"start":{"line":47,"column":0},"end":{"line":47,"column":31}},"47":{"start":{"line":48,"column":0},"end":{"line":48,"column":89}},"48":{"start":{"line":49,"column":0},"end":{"line":49,"column":7}},"49":{"start":{"line":50,"column":0},"end":{"line":50,"column":0}},"50":{"start":{"line":51,"column":0},"end":{"line":51,"column":45}},"51":{"start":{"line":52,"column":0},"end":{"line":52,"column":48}},"52":{"start":{"line":53,"column":0},"end":{"line":53,"column":0}},"53":{"start":{"line":54,"column":0},"end":{"line":54,"column":40}},"54":{"start":{"line":55,"column":0},"end":{"line":55,"column":80}},"55":{"start":{"line":56,"column":0},"end":{"line":56,"column":23}},"56":{"start":{"line":57,"column":0},"end":{"line":57,"column":29}},"57":{"start":{"line":58,"column":0},"end":{"line":58,"column":31}},"58":{"start":{"line":59,"column":0},"end":{"line":59,"column":29}},"59":{"start":{"line":60,"column":0},"end":{"line":60,"column":24}},"60":{"start":{"line":61,"column":0},"end":{"line":61,"column":26}},"61":{"start":{"line":62,"column":0},"end":{"line":62,"column":29}},"62":{"start":{"line":63,"column":0},"end":{"line":63,"column":13}},"63":{"start":{"line":64,"column":0},"end":{"line":64,"column":19}},"64":{"start":{"line":65,"column":0},"end":{"line":65,"column":9}},"65":{"start":{"line":66,"column":0},"end":{"line":66,"column":0}},"66":{"start":{"line":67,"column":0},"end":{"line":67,"column":38}},"67":{"start":{"line":68,"column":0},"end":{"line":68,"column":42}},"68":{"start":{"line":69,"column":0},"end":{"line":69,"column":92}},"69":{"start":{"line":70,"column":0},"end":{"line":70,"column":10}},"70":{"start":{"line":71,"column":0},"end":{"line":71,"column":0}},"71":{"start":{"line":72,"column":0},"end":{"line":72,"column":72}},"72":{"start":{"line":73,"column":0},"end":{"line":73,"column":30}},"73":{"start":{"line":74,"column":0},"end":{"line":74,"column":81}},"74":{"start":{"line":75,"column":0},"end":{"line":75,"column":32}},"75":{"start":{"line":76,"column":0},"end":{"line":76,"column":32}},"76":{"start":{"line":77,"column":0},"end":{"line":77,"column":0}},"77":{"start":{"line":78,"column":0},"end":{"line":78,"column":27}},"78":{"start":{"line":79,"column":0},"end":{"line":79,"column":29}},"79":{"start":{"line":80,"column":0},"end":{"line":80,"column":27}},"80":{"start":{"line":81,"column":0},"end":{"line":81,"column":18}},"81":{"start":{"line":82,"column":0},"end":{"line":82,"column":46}},"82":{"start":{"line":83,"column":0},"end":{"line":83,"column":30}},"83":{"start":{"line":84,"column":0},"end":{"line":84,"column":11}},"84":{"start":{"line":85,"column":0},"end":{"line":85,"column":0}},"85":{"start":{"line":86,"column":0},"end":{"line":86,"column":41}},"86":{"start":{"line":87,"column":0},"end":{"line":87,"column":7}},"87":{"start":{"line":88,"column":0},"end":{"line":88,"column":0}},"88":{"start":{"line":89,"column":0},"end":{"line":89,"column":77}},"89":{"start":{"line":90,"column":0},"end":{"line":90,"column":28}},"90":{"start":{"line":91,"column":0},"end":{"line":91,"column":84}},"91":{"start":{"line":92,"column":0},"end":{"line":92,"column":30}},"92":{"start":{"line":93,"column":0},"end":{"line":93,"column":30}},"93":{"start":{"line":94,"column":0},"end":{"line":94,"column":0}},"94":{"start":{"line":95,"column":0},"end":{"line":95,"column":14}},"95":{"start":{"line":96,"column":0},"end":{"line":96,"column":24}},"96":{"start":{"line":97,"column":0},"end":{"line":97,"column":26}},"97":{"start":{"line":98,"column":0},"end":{"line":98,"column":29}},"98":{"start":{"line":99,"column":0},"end":{"line":99,"column":62}},"99":{"start":{"line":100,"column":0},"end":{"line":100,"column":44}},"100":{"start":{"line":101,"column":0},"end":{"line":101,"column":22}},"101":{"start":{"line":102,"column":0},"end":{"line":102,"column":8}},"102":{"start":{"line":103,"column":0},"end":{"line":103,"column":15}},"103":{"start":{"line":104,"column":0},"end":{"line":104,"column":29}},"104":{"start":{"line":105,"column":0},"end":{"line":105,"column":5}},"105":{"start":{"line":106,"column":0},"end":{"line":106,"column":3}},"106":{"start":{"line":107,"column":0},"end":{"line":107,"column":0}},"107":{"start":{"line":108,"column":0},"end":{"line":108,"column":40}},"108":{"start":{"line":109,"column":0},"end":{"line":109,"column":96}},"109":{"start":{"line":110,"column":0},"end":{"line":110,"column":40}},"110":{"start":{"line":111,"column":0},"end":{"line":111,"column":3}},"111":{"start":{"line":112,"column":0},"end":{"line":112,"column":0}},"112":{"start":{"line":113,"column":0},"end":{"line":113,"column":56}},"113":{"start":{"line":114,"column":0},"end":{"line":114,"column":47}},"114":{"start":{"line":115,"column":0},"end":{"line":115,"column":25}},"115":{"start":{"line":116,"column":0},"end":{"line":116,"column":32}},"116":{"start":{"line":117,"column":0},"end":{"line":117,"column":13}},"117":{"start":{"line":118,"column":0},"end":{"line":118,"column":53}},"118":{"start":{"line":119,"column":0},"end":{"line":119,"column":30}},"119":{"start":{"line":120,"column":0},"end":{"line":120,"column":19}},"120":{"start":{"line":121,"column":0},"end":{"line":121,"column":16}},"121":{"start":{"line":122,"column":0},"end":{"line":122,"column":30}},"122":{"start":{"line":123,"column":0},"end":{"line":123,"column":9}},"123":{"start":{"line":124,"column":0},"end":{"line":124,"column":5}},"124":{"start":{"line":125,"column":0},"end":{"line":125,"column":3}},"125":{"start":{"line":126,"column":0},"end":{"line":126,"column":0}},"126":{"start":{"line":127,"column":0},"end":{"line":127,"column":55}},"127":{"start":{"line":128,"column":0},"end":{"line":128,"column":54}},"128":{"start":{"line":129,"column":0},"end":{"line":129,"column":46}},"129":{"start":{"line":130,"column":0},"end":{"line":130,"column":39}},"130":{"start":{"line":131,"column":0},"end":{"line":131,"column":5}},"131":{"start":{"line":132,"column":0},"end":{"line":132,"column":15}},"132":{"start":{"line":133,"column":0},"end":{"line":133,"column":3}},"133":{"start":{"line":134,"column":0},"end":{"line":134,"column":0}},"134":{"start":{"line":135,"column":0},"end":{"line":135,"column":29}},"135":{"start":{"line":136,"column":0},"end":{"line":136,"column":61}},"136":{"start":{"line":137,"column":0},"end":{"line":137,"column":3}},"137":{"start":{"line":138,"column":0},"end":{"line":138,"column":0}},"138":{"start":{"line":139,"column":0},"end":{"line":139,"column":122}},"139":{"start":{"line":140,"column":0},"end":{"line":140,"column":29}},"140":{"start":{"line":141,"column":0},"end":{"line":141,"column":30}},"141":{"start":{"line":142,"column":0},"end":{"line":142,"column":30}},"142":{"start":{"line":143,"column":0},"end":{"line":143,"column":39}},"143":{"start":{"line":144,"column":0},"end":{"line":144,"column":55}},"144":{"start":{"line":145,"column":0},"end":{"line":145,"column":18}},"145":{"start":{"line":146,"column":0},"end":{"line":146,"column":6}},"146":{"start":{"line":147,"column":0},"end":{"line":147,"column":0}},"147":{"start":{"line":148,"column":0},"end":{"line":148,"column":37}},"148":{"start":{"line":149,"column":0},"end":{"line":149,"column":74}},"149":{"start":{"line":150,"column":0},"end":{"line":150,"column":11}},"150":{"start":{"line":151,"column":0},"end":{"line":151,"column":43}},"151":{"start":{"line":152,"column":0},"end":{"line":152,"column":30}},"152":{"start":{"line":153,"column":0},"end":{"line":153,"column":49}},"153":{"start":{"line":154,"column":0},"end":{"line":154,"column":108}},"154":{"start":{"line":155,"column":0},"end":{"line":155,"column":12}},"155":{"start":{"line":156,"column":0},"end":{"line":156,"column":11}},"156":{"start":{"line":157,"column":0},"end":{"line":157,"column":22}},"157":{"start":{"line":158,"column":0},"end":{"line":158,"column":21}},"158":{"start":{"line":159,"column":0},"end":{"line":159,"column":33}},"159":{"start":{"line":160,"column":0},"end":{"line":160,"column":48}},"160":{"start":{"line":161,"column":0},"end":{"line":161,"column":44}},"161":{"start":{"line":162,"column":0},"end":{"line":162,"column":9}},"162":{"start":{"line":163,"column":0},"end":{"line":163,"column":7}},"163":{"start":{"line":164,"column":0},"end":{"line":164,"column":5}},"164":{"start":{"line":165,"column":0},"end":{"line":165,"column":0}},"165":{"start":{"line":166,"column":0},"end":{"line":166,"column":12}},"166":{"start":{"line":167,"column":0},"end":{"line":167,"column":22}},"167":{"start":{"line":168,"column":0},"end":{"line":168,"column":30}},"168":{"start":{"line":169,"column":0},"end":{"line":169,"column":23}},"169":{"start":{"line":170,"column":0},"end":{"line":170,"column":19}},"170":{"start":{"line":171,"column":0},"end":{"line":171,"column":20}},"171":{"start":{"line":172,"column":0},"end":{"line":172,"column":33}},"172":{"start":{"line":173,"column":0},"end":{"line":173,"column":54}},"173":{"start":{"line":174,"column":0},"end":{"line":174,"column":6}},"174":{"start":{"line":175,"column":0},"end":{"line":175,"column":3}},"175":{"start":{"line":176,"column":0},"end":{"line":176,"column":0}},"176":{"start":{"line":177,"column":0},"end":{"line":177,"column":60}},"177":{"start":{"line":178,"column":0},"end":{"line":178,"column":48}},"178":{"start":{"line":179,"column":0},"end":{"line":179,"column":33}},"179":{"start":{"line":180,"column":0},"end":{"line":180,"column":43}},"180":{"start":{"line":181,"column":0},"end":{"line":181,"column":58}},"181":{"start":{"line":182,"column":0},"end":{"line":182,"column":47}},"182":{"start":{"line":183,"column":0},"end":{"line":183,"column":9}},"183":{"start":{"line":184,"column":0},"end":{"line":184,"column":7}},"184":{"start":{"line":185,"column":0},"end":{"line":185,"column":5}},"185":{"start":{"line":186,"column":0},"end":{"line":186,"column":19}},"186":{"start":{"line":187,"column":0},"end":{"line":187,"column":3}},"187":{"start":{"line":188,"column":0},"end":{"line":188,"column":1}}},"s":{"0":1,"1":1,"2":1,"3":1,"4":1,"5":1,"6":1,"7":1,"8":1,"9":1,"10":1,"11":1,"12":3,"13":3,"14":3,"15":1,"16":1,"17":19,"18":19,"19":19,"20":19,"21":38,"22":38,"23":19,"24":19,"25":1,"26":1,"27":19,"28":19,"29":2,"30":2,"31":19,"32":19,"33":14,"34":14,"35":14,"36":19,"37":19,"38":14,"39":1,"40":1,"41":13,"42":13,"43":13,"44":13,"45":13,"46":14,"47":1,"48":1,"49":12,"50":12,"51":12,"52":12,"53":14,"54":32,"55":32,"56":0,"57":0,"58":0,"59":0,"60":0,"61":0,"62":0,"63":0,"64":0,"65":32,"66":32,"67":32,"68":32,"69":32,"70":32,"71":32,"72":21,"73":11,"74":4,"75":7,"76":32,"77":32,"78":32,"79":32,"80":32,"81":32,"82":32,"83":32,"84":32,"85":32,"86":32,"87":12,"88":12,"89":5,"90":7,"91":5,"92":2,"93":14,"94":14,"95":14,"96":14,"97":14,"98":14,"99":14,"100":14,"101":14,"102":14,"103":13,"104":13,"105":14,"106":19,"107":19,"108":1,"109":1,"110":1,"111":19,"112":19,"113":1,"114":1,"115":1,"116":1,"117":1,"118":1,"119":1,"120":1,"121":1,"122":1,"123":1,"124":1,"125":19,"126":19,"127":1,"128":1,"129":1,"130":1,"131":1,"132":1,"133":19,"134":19,"135":1,"136":1,"137":19,"138":19,"139":32,"140":32,"141":32,"142":32,"143":32,"144":32,"145":32,"146":32,"147":32,"148":32,"149":35,"150":35,"151":35,"152":35,"153":35,"154":35,"155":35,"156":29,"157":35,"158":6,"159":6,"160":3,"161":3,"162":6,"163":35,"164":6,"165":6,"166":6,"167":6,"168":6,"169":6,"170":6,"171":6,"172":32,"173":32,"174":32,"175":19,"176":19,"177":12,"178":12,"179":32,"180":32,"181":25,"182":25,"183":32,"184":32,"185":12,"186":12,"187":19},"branchMap":{"0":{"type":"branch","line":13,"loc":{"start":{"line":13,"column":0},"end":{"line":15,"column":1}},"locations":[{"start":{"line":13,"column":0},"end":{"line":15,"column":1}}]},"1":{"type":"branch","line":14,"loc":{"start":{"line":14,"column":21},"end":{"line":14,"column":57}},"locations":[{"start":{"line":14,"column":21},"end":{"line":14,"column":57}}]},"2":{"type":"branch","line":17,"loc":{"start":{"line":17,"column":26},"end":{"line":188,"column":1}},"locations":[{"start":{"line":17,"column":26},"end":{"line":188,"column":1}}]},"3":{"type":"branch","line":21,"loc":{"start":{"line":21,"column":2},"end":{"line":23,"column":3}},"locations":[{"start":{"line":21,"column":2},"end":{"line":23,"column":3}}]},"4":{"type":"branch","line":25,"loc":{"start":{"line":25,"column":2},"end":{"line":27,"column":3}},"locations":[{"start":{"line":25,"column":2},"end":{"line":27,"column":3}}]},"5":{"type":"branch","line":29,"loc":{"start":{"line":29,"column":2},"end":{"line":31,"column":3}},"locations":[{"start":{"line":29,"column":2},"end":{"line":31,"column":3}}]},"6":{"type":"branch","line":33,"loc":{"start":{"line":33,"column":2},"end":{"line":36,"column":3}},"locations":[{"start":{"line":33,"column":2},"end":{"line":36,"column":3}}]},"7":{"type":"branch","line":34,"loc":{"start":{"line":34,"column":19},"end":{"line":34,"column":38}},"locations":[{"start":{"line":34,"column":19},"end":{"line":34,"column":38}}]},"8":{"type":"branch","line":34,"loc":{"start":{"line":34,"column":28},"end":{"line":34,"column":122}},"locations":[{"start":{"line":34,"column":28},"end":{"line":34,"column":122}}]},"9":{"type":"branch","line":34,"loc":{"start":{"line":34,"column":57},"end":{"line":34,"column":120}},"locations":[{"start":{"line":34,"column":57},"end":{"line":34,"column":120}}]},"10":{"type":"branch","line":34,"loc":{"start":{"line":34,"column":84},"end":{"line":34,"column":106}},"locations":[{"start":{"line":34,"column":84},"end":{"line":34,"column":106}}]},"11":{"type":"branch","line":38,"loc":{"start":{"line":38,"column":2},"end":{"line":106,"column":3}},"locations":[{"start":{"line":38,"column":2},"end":{"line":106,"column":3}}]},"12":{"type":"branch","line":39,"loc":{"start":{"line":39,"column":24},"end":{"line":41,"column":5}},"locations":[{"start":{"line":39,"column":24},"end":{"line":41,"column":5}}]},"13":{"type":"branch","line":41,"loc":{"start":{"line":41,"column":4},"end":{"line":47,"column":30}},"locations":[{"start":{"line":41,"column":4},"end":{"line":47,"column":30}}]},"14":{"type":"branch","line":47,"loc":{"start":{"line":47,"column":30},"end":{"line":49,"column":7}},"locations":[{"start":{"line":47,"column":30},"end":{"line":49,"column":7}}]},"15":{"type":"branch","line":49,"loc":{"start":{"line":49,"column":6},"end":{"line":54,"column":39}},"locations":[{"start":{"line":49,"column":6},"end":{"line":54,"column":39}}]},"16":{"type":"branch","line":54,"loc":{"start":{"line":54,"column":39},"end":{"line":87,"column":7}},"locations":[{"start":{"line":54,"column":39},"end":{"line":87,"column":7}}]},"17":{"type":"branch","line":56,"loc":{"start":{"line":56,"column":22},"end":{"line":65,"column":9}},"locations":[{"start":{"line":56,"column":22},"end":{"line":65,"column":9}}]},"18":{"type":"branch","line":72,"loc":{"start":{"line":72,"column":71},"end":{"line":73,"column":30}},"locations":[{"start":{"line":72,"column":71},"end":{"line":73,"column":30}}]},"19":{"type":"branch","line":73,"loc":{"start":{"line":73,"column":12},"end":{"line":76,"column":32}},"locations":[{"start":{"line":73,"column":12},"end":{"line":76,"column":32}}]},"20":{"type":"branch","line":74,"loc":{"start":{"line":74,"column":80},"end":{"line":75,"column":32}},"locations":[{"start":{"line":74,"column":80},"end":{"line":75,"column":32}}]},"21":{"type":"branch","line":75,"loc":{"start":{"line":75,"column":14},"end":{"line":76,"column":32}},"locations":[{"start":{"line":75,"column":14},"end":{"line":76,"column":32}}]},"22":{"type":"branch","line":87,"loc":{"start":{"line":87,"column":6},"end":{"line":89,"column":77}},"locations":[{"start":{"line":87,"column":6},"end":{"line":89,"column":77}}]},"23":{"type":"branch","line":89,"loc":{"start":{"line":89,"column":76},"end":{"line":90,"column":28}},"locations":[{"start":{"line":89,"column":76},"end":{"line":90,"column":28}}]},"24":{"type":"branch","line":90,"loc":{"start":{"line":90,"column":10},"end":{"line":93,"column":30}},"locations":[{"start":{"line":90,"column":10},"end":{"line":93,"column":30}}]},"25":{"type":"branch","line":91,"loc":{"start":{"line":91,"column":83},"end":{"line":92,"column":30}},"locations":[{"start":{"line":91,"column":83},"end":{"line":92,"column":30}}]},"26":{"type":"branch","line":92,"loc":{"start":{"line":92,"column":12},"end":{"line":93,"column":30}},"locations":[{"start":{"line":92,"column":12},"end":{"line":93,"column":30}}]},"27":{"type":"branch","line":103,"loc":{"start":{"line":103,"column":4},"end":{"line":105,"column":5}},"locations":[{"start":{"line":103,"column":4},"end":{"line":105,"column":5}}]},"28":{"type":"branch","line":46,"loc":{"start":{"line":46,"column":42},"end":{"line":46,"column":57}},"locations":[{"start":{"line":46,"column":42},"end":{"line":46,"column":57}}]},"29":{"type":"branch","line":46,"loc":{"start":{"line":46,"column":66},"end":{"line":46,"column":92}},"locations":[{"start":{"line":46,"column":66},"end":{"line":46,"column":92}}]},"30":{"type":"branch","line":55,"loc":{"start":{"line":55,"column":49},"end":{"line":55,"column":78}},"locations":[{"start":{"line":55,"column":49},"end":{"line":55,"column":78}}]},"31":{"type":"branch","line":69,"loc":{"start":{"line":69,"column":27},"end":{"line":69,"column":91}},"locations":[{"start":{"line":69,"column":27},"end":{"line":69,"column":91}}]},"32":{"type":"branch","line":72,"loc":{"start":{"line":72,"column":42},"end":{"line":72,"column":71}},"locations":[{"start":{"line":72,"column":42},"end":{"line":72,"column":71}}]},"33":{"type":"branch","line":74,"loc":{"start":{"line":74,"column":25},"end":{"line":74,"column":80}},"locations":[{"start":{"line":74,"column":25},"end":{"line":74,"column":80}}]},"34":{"type":"branch","line":89,"loc":{"start":{"line":89,"column":47},"end":{"line":89,"column":76}},"locations":[{"start":{"line":89,"column":47},"end":{"line":89,"column":76}}]},"35":{"type":"branch","line":91,"loc":{"start":{"line":91,"column":28},"end":{"line":91,"column":83}},"locations":[{"start":{"line":91,"column":28},"end":{"line":91,"column":83}}]},"36":{"type":"branch","line":91,"loc":{"start":{"line":91,"column":48},"end":{"line":91,"column":83}},"locations":[{"start":{"line":91,"column":48},"end":{"line":91,"column":83}}]},"37":{"type":"branch","line":108,"loc":{"start":{"line":108,"column":2},"end":{"line":111,"column":3}},"locations":[{"start":{"line":108,"column":2},"end":{"line":111,"column":3}}]},"38":{"type":"branch","line":109,"loc":{"start":{"line":109,"column":30},"end":{"line":109,"column":59}},"locations":[{"start":{"line":109,"column":30},"end":{"line":109,"column":59}}]},"39":{"type":"branch","line":113,"loc":{"start":{"line":113,"column":2},"end":{"line":125,"column":3}},"locations":[{"start":{"line":113,"column":2},"end":{"line":125,"column":3}}]},"40":{"type":"branch","line":127,"loc":{"start":{"line":127,"column":2},"end":{"line":133,"column":3}},"locations":[{"start":{"line":127,"column":2},"end":{"line":133,"column":3}}]},"41":{"type":"branch","line":135,"loc":{"start":{"line":135,"column":2},"end":{"line":137,"column":3}},"locations":[{"start":{"line":135,"column":2},"end":{"line":137,"column":3}}]},"42":{"type":"branch","line":136,"loc":{"start":{"line":136,"column":42},"end":{"line":136,"column":59}},"locations":[{"start":{"line":136,"column":42},"end":{"line":136,"column":59}}]},"43":{"type":"branch","line":139,"loc":{"start":{"line":139,"column":2},"end":{"line":175,"column":3}},"locations":[{"start":{"line":139,"column":2},"end":{"line":175,"column":3}}]},"44":{"type":"branch","line":149,"loc":{"start":{"line":149,"column":73},"end":{"line":164,"column":5}},"locations":[{"start":{"line":149,"column":73},"end":{"line":164,"column":5}}]},"45":{"type":"branch","line":156,"loc":{"start":{"line":156,"column":9},"end":{"line":158,"column":15}},"locations":[{"start":{"line":156,"column":9},"end":{"line":158,"column":15}}]},"46":{"type":"branch","line":158,"loc":{"start":{"line":158,"column":6},"end":{"line":163,"column":7}},"locations":[{"start":{"line":158,"column":6},"end":{"line":163,"column":7}}]},"47":{"type":"branch","line":160,"loc":{"start":{"line":160,"column":47},"end":{"line":162,"column":9}},"locations":[{"start":{"line":160,"column":47},"end":{"line":162,"column":9}}]},"48":{"type":"branch","line":164,"loc":{"start":{"line":164,"column":4},"end":{"line":173,"column":37}},"locations":[{"start":{"line":164,"column":4},"end":{"line":173,"column":37}}]},"49":{"type":"branch","line":164,"loc":{"start":{"line":164,"column":4},"end":{"line":173,"column":26}},"locations":[{"start":{"line":164,"column":4},"end":{"line":173,"column":26}}]},"50":{"type":"branch","line":173,"loc":{"start":{"line":173,"column":15},"end":{"line":173,"column":37}},"locations":[{"start":{"line":173,"column":15},"end":{"line":173,"column":37}}]},"51":{"type":"branch","line":173,"loc":{"start":{"line":173,"column":26},"end":{"line":173,"column":52}},"locations":[{"start":{"line":173,"column":26},"end":{"line":173,"column":52}}]},"52":{"type":"branch","line":153,"loc":{"start":{"line":153,"column":35},"end":{"line":154,"column":108}},"locations":[{"start":{"line":153,"column":35},"end":{"line":154,"column":108}}]},"53":{"type":"branch","line":154,"loc":{"start":{"line":154,"column":23},"end":{"line":154,"column":92}},"locations":[{"start":{"line":154,"column":23},"end":{"line":154,"column":92}}]},"54":{"type":"branch","line":177,"loc":{"start":{"line":177,"column":10},"end":{"line":187,"column":3}},"locations":[{"start":{"line":177,"column":10},"end":{"line":187,"column":3}}]},"55":{"type":"branch","line":179,"loc":{"start":{"line":179,"column":32},"end":{"line":185,"column":5}},"locations":[{"start":{"line":179,"column":32},"end":{"line":185,"column":5}}]},"56":{"type":"branch","line":181,"loc":{"start":{"line":181,"column":30},"end":{"line":181,"column":57}},"locations":[{"start":{"line":181,"column":30},"end":{"line":181,"column":57}}]},"57":{"type":"branch","line":181,"loc":{"start":{"line":181,"column":57},"end":{"line":183,"column":9}},"locations":[{"start":{"line":181,"column":57},"end":{"line":183,"column":9}}]}},"b":{"0":[3],"1":[3],"2":[19],"3":[38],"4":[1],"5":[2],"6":[14],"7":[5],"8":[9],"9":[36],"10":[0],"11":[14],"12":[1],"13":[13],"14":[1],"15":[12],"16":[32],"17":[0],"18":[21],"19":[11],"20":[4],"21":[7],"22":[12],"23":[5],"24":[7],"25":[5],"26":[2],"27":[13],"28":[36],"29":[36],"30":[21],"31":[32],"32":[32],"33":[11],"34":[22],"35":[7],"36":[2],"37":[1],"38":[0],"39":[1],"40":[1],"41":[1],"42":[1],"43":[32],"44":[35],"45":[29],"46":[6],"47":[3],"48":[16],"49":[6],"50":[3],"51":[0],"52":[35],"53":[2],"54":[12],"55":[32],"56":[25],"57":[25]},"fnMap":{"0":{"name":"sleep","decl":{"start":{"line":13,"column":0},"end":{"line":15,"column":1}},"loc":{"start":{"line":13,"column":0},"end":{"line":15,"column":1}},"line":13},"1":{"name":"<instance_members_initializer>","decl":{"start":{"line":17,"column":26},"end":{"line":188,"column":1}},"loc":{"start":{"line":17,"column":26},"end":{"line":188,"column":1}},"line":17},"2":{"name":"registerAgent","decl":{"start":{"line":21,"column":2},"end":{"line":23,"column":3}},"loc":{"start":{"line":21,"column":2},"end":{"line":23,"column":3}},"line":21},"3":{"name":"unregisterAgent","decl":{"start":{"line":25,"column":2},"end":{"line":27,"column":3}},"loc":{"start":{"line":25,"column":2},"end":{"line":27,"column":3}},"line":25},"4":{"name":"getAgent","decl":{"start":{"line":29,"column":2},"end":{"line":31,"column":3}},"loc":{"start":{"line":29,"column":2},"end":{"line":31,"column":3}},"line":29},"5":{"name":"createPlan","decl":{"start":{"line":33,"column":2},"end":{"line":36,"column":3}},"loc":{"start":{"line":33,"column":2},"end":{"line":36,"column":3}},"line":33},"6":{"name":"executePlan","decl":{"start":{"line":38,"column":2},"end":{"line":106,"column":3}},"loc":{"start":{"line":38,"column":2},"end":{"line":106,"column":3}},"line":38},"7":{"name":"sendMessage","decl":{"start":{"line":108,"column":2},"end":{"line":111,"column":3}},"loc":{"start":{"line":108,"column":2},"end":{"line":111,"column":3}},"line":108},"8":{"name":"broadcast","decl":{"start":{"line":113,"column":2},"end":{"line":125,"column":3}},"loc":{"start":{"line":113,"column":2},"end":{"line":125,"column":3}},"line":113},"9":{"name":"getAgentStatuses","decl":{"start":{"line":127,"column":2},"end":{"line":133,"column":3}},"loc":{"start":{"line":127,"column":2},"end":{"line":133,"column":3}},"line":127},"10":{"name":"isAnyAgentBusy","decl":{"start":{"line":135,"column":2},"end":{"line":137,"column":3}},"loc":{"start":{"line":135,"column":2},"end":{"line":137,"column":3}},"line":135},"11":{"name":"dispatchTask","decl":{"start":{"line":139,"column":2},"end":{"line":175,"column":3}},"loc":{"start":{"line":139,"column":2},"end":{"line":175,"column":3}},"line":139},"12":{"name":"aggregateResults","decl":{"start":{"line":177,"column":10},"end":{"line":187,"column":3}},"loc":{"start":{"line":177,"column":10},"end":{"line":187,"column":3}},"line":177}},"f":{"0":3,"1":19,"2":38,"3":1,"4":2,"5":14,"6":14,"7":1,"8":1,"9":1,"10":1,"11":32,"12":12}}
,"/Users/liantian/workspace/osprojects/deepclaw/src/agents/planning_agent.ts": {"path":"/Users/liantian/workspace/osprojects/deepclaw/src/agents/planning_agent.ts","all":false,"statementMap":{"0":{"start":{"line":1,"column":0},"end":{"line":1,"column":28}},"1":{"start":{"line":2,"column":0},"end":{"line":2,"column":44}},"2":{"start":{"line":3,"column":0},"end":{"line":3,"column":70}},"3":{"start":{"line":4,"column":0},"end":{"line":4,"column":39}},"4":{"start":{"line":5,"column":0},"end":{"line":5,"column":0}},"5":{"start":{"line":6,"column":0},"end":{"line":6,"column":90}},"6":{"start":{"line":7,"column":0},"end":{"line":7,"column":29}},"7":{"start":{"line":8,"column":0},"end":{"line":8,"column":144}},"8":{"start":{"line":9,"column":0},"end":{"line":9,"column":31}},"9":{"start":{"line":10,"column":0},"end":{"line":10,"column":3}},"10":{"start":{"line":11,"column":0},"end":{"line":11,"column":28}},"11":{"start":{"line":12,"column":0},"end":{"line":12,"column":61}},"12":{"start":{"line":13,"column":0},"end":{"line":13,"column":3}},"13":{"start":{"line":14,"column":0},"end":{"line":14,"column":87}},"14":{"start":{"line":15,"column":0},"end":{"line":15,"column":1}},"15":{"start":{"line":16,"column":0},"end":{"line":16,"column":0}},"16":{"start":{"line":17,"column":0},"end":{"line":17,"column":52}},"17":{"start":{"line":18,"column":0},"end":{"line":18,"column":46}},"18":{"start":{"line":19,"column":0},"end":{"line":19,"column":54}},"19":{"start":{"line":20,"column":0},"end":{"line":20,"column":0}},"20":{"start":{"line":21,"column":0},"end":{"line":21,"column":35}},"21":{"start":{"line":22,"column":0},"end":{"line":22,"column":40}},"22":{"start":{"line":23,"column":0},"end":{"line":23,"column":55}},"23":{"start":{"line":24,"column":0},"end":{"line":24,"column":1}},"24":{"start":{"line":25,"column":0},"end":{"line":25,"column":0}},"25":{"start":{"line":26,"column":0},"end":{"line":26,"column":46}},"26":{"start":{"line":27,"column":0},"end":{"line":27,"column":68}},"27":{"start":{"line":28,"column":0},"end":{"line":28,"column":11}},"28":{"start":{"line":29,"column":0},"end":{"line":29,"column":31}},"29":{"start":{"line":30,"column":0},"end":{"line":30,"column":28}},"30":{"start":{"line":31,"column":0},"end":{"line":31,"column":85}},"31":{"start":{"line":32,"column":0},"end":{"line":32,"column":20}},"32":{"start":{"line":33,"column":0},"end":{"line":33,"column":23}},"33":{"start":{"line":34,"column":0},"end":{"line":34,"column":16}},"34":{"start":{"line":35,"column":0},"end":{"line":35,"column":7}},"35":{"start":{"line":36,"column":0},"end":{"line":36,"column":3}},"36":{"start":{"line":37,"column":0},"end":{"line":37,"column":0}},"37":{"start":{"line":38,"column":0},"end":{"line":38,"column":56}},"38":{"start":{"line":39,"column":0},"end":{"line":39,"column":114}},"39":{"start":{"line":40,"column":0},"end":{"line":40,"column":37}},"40":{"start":{"line":41,"column":0},"end":{"line":41,"column":0}},"41":{"start":{"line":42,"column":0},"end":{"line":42,"column":46}},"42":{"start":{"line":43,"column":0},"end":{"line":43,"column":14}},"43":{"start":{"line":44,"column":0},"end":{"line":44,"column":24}},"44":{"start":{"line":45,"column":0},"end":{"line":45,"column":31}},"45":{"start":{"line":46,"column":0},"end":{"line":46,"column":25}},"46":{"start":{"line":47,"column":0},"end":{"line":47,"column":21}},"47":{"start":{"line":48,"column":0},"end":{"line":48,"column":22}},"48":{"start":{"line":49,"column":0},"end":{"line":49,"column":35}},"49":{"start":{"line":50,"column":0},"end":{"line":50,"column":32}},"50":{"start":{"line":51,"column":0},"end":{"line":51,"column":8}},"51":{"start":{"line":52,"column":0},"end":{"line":52,"column":5}},"52":{"start":{"line":53,"column":0},"end":{"line":53,"column":0}},"53":{"start":{"line":54,"column":0},"end":{"line":54,"column":46}},"54":{"start":{"line":55,"column":0},"end":{"line":55,"column":48}},"55":{"start":{"line":56,"column":0},"end":{"line":56,"column":64}},"56":{"start":{"line":57,"column":0},"end":{"line":57,"column":0}},"57":{"start":{"line":58,"column":0},"end":{"line":58,"column":12}},"58":{"start":{"line":59,"column":0},"end":{"line":59,"column":22}},"59":{"start":{"line":60,"column":0},"end":{"line":60,"column":29}},"60":{"start":{"line":61,"column":0},"end":{"line":61,"column":24}},"61":{"start":{"line":62,"column":0},"end":{"line":62,"column":15}},"62":{"start":{"line":63,"column":0},"end":{"line":63,"column":14}},"63":{"start":{"line":64,"column":0},"end":{"line":64,"column":18}},"64":{"start":{"line":65,"column":0},"end":{"line":65,"column":16}},"65":{"start":{"line":66,"column":0},"end":{"line":66,"column":70}},"66":{"start":{"line":67,"column":0},"end":{"line":67,"column":17}},"67":{"start":{"line":68,"column":0},"end":{"line":68,"column":31}},"68":{"start":{"line":69,"column":0},"end":{"line":69,"column":8}},"69":{"start":{"line":70,"column":0},"end":{"line":70,"column":20}},"70":{"start":{"line":71,"column":0},"end":{"line":71,"column":47}},"71":{"start":{"line":72,"column":0},"end":{"line":72,"column":17}},"72":{"start":{"line":73,"column":0},"end":{"line":73,"column":6}},"73":{"start":{"line":74,"column":0},"end":{"line":74,"column":3}},"74":{"start":{"line":75,"column":0},"end":{"line":75,"column":1}},"75":{"start":{"line":76,"column":0},"end":{"line":76,"column":0}},"76":{"start":{"line":77,"column":0},"end":{"line":77,"column":54}},"77":{"start":{"line":78,"column":0},"end":{"line":78,"column":29}},"78":{"start":{"line":79,"column":0},"end":{"line":79,"column":1}}},"s":{"0":1,"1":1,"2":1,"3":1,"4":1,"5":10,"6":10,"7":1,"8":1,"9":1,"10":10,"11":1,"12":1,"13":8,"14":8,"15":1,"16":10,"17":10,"18":10,"19":10,"20":10,"21":10,"22":0,"23":0,"24":1,"25":1,"26":1,"27":12,"28":12,"29":12,"30":12,"31":12,"32":12,"33":12,"34":12,"35":12,"36":1,"37":1,"38":11,"39":11,"40":11,"41":11,"42":1,"43":1,"44":1,"45":1,"46":1,"47":1,"48":1,"49":1,"50":1,"51":1,"52":10,"53":10,"54":11,"55":11,"56":11,"57":11,"58":11,"59":11,"60":11,"61":11,"62":11,"63":11,"64":11,"65":11,"66":11,"67":11,"68":11,"69":11,"70":11,"71":11,"72":11,"73":11,"74":1,"75":1,"76":1,"77":8,"78":8},"branchMap":{"0":{"type":"branch","line":6,"loc":{"start":{"line":6,"column":0},"end":{"line":15,"column":1}},"locations":[{"start":{"line":6,"column":0},"end":{"line":15,"column":1}}]},"1":{"type":"branch","line":7,"loc":{"start":{"line":7,"column":28},"end":{"line":10,"column":3}},"locations":[{"start":{"line":7,"column":28},"end":{"line":10,"column":3}}]},"2":{"type":"branch","line":10,"loc":{"start":{"line":10,"column":2},"end":{"line":11,"column":27}},"locations":[{"start":{"line":10,"column":2},"end":{"line":11,"column":27}}]},"3":{"type":"branch","line":11,"loc":{"start":{"line":11,"column":27},"end":{"line":13,"column":3}},"locations":[{"start":{"line":11,"column":27},"end":{"line":13,"column":3}}]},"4":{"type":"branch","line":13,"loc":{"start":{"line":13,"column":2},"end":{"line":15,"column":1}},"locations":[{"start":{"line":13,"column":2},"end":{"line":15,"column":1}}]},"5":{"type":"branch","line":12,"loc":{"start":{"line":12,"column":37},"end":{"line":12,"column":59}},"locations":[{"start":{"line":12,"column":37},"end":{"line":12,"column":59}}]},"6":{"type":"branch","line":17,"loc":{"start":{"line":17,"column":0},"end":{"line":24,"column":1}},"locations":[{"start":{"line":17,"column":0},"end":{"line":24,"column":1}}]},"7":{"type":"branch","line":18,"loc":{"start":{"line":18,"column":36},"end":{"line":18,"column":46}},"locations":[{"start":{"line":18,"column":36},"end":{"line":18,"column":46}}]},"8":{"type":"branch","line":19,"loc":{"start":{"line":19,"column":26},"end":{"line":19,"column":54}},"locations":[{"start":{"line":19,"column":26},"end":{"line":19,"column":54}}]},"9":{"type":"branch","line":22,"loc":{"start":{"line":22,"column":38},"end":{"line":24,"column":1}},"locations":[{"start":{"line":22,"column":38},"end":{"line":24,"column":1}}]},"10":{"type":"branch","line":27,"loc":{"start":{"line":27,"column":2},"end":{"line":36,"column":3}},"locations":[{"start":{"line":27,"column":2},"end":{"line":36,"column":3}}]},"11":{"type":"branch","line":38,"loc":{"start":{"line":38,"column":2},"end":{"line":74,"column":3}},"locations":[{"start":{"line":38,"column":2},"end":{"line":74,"column":3}}]},"12":{"type":"branch","line":40,"loc":{"start":{"line":40,"column":25},"end":{"line":40,"column":37}},"locations":[{"start":{"line":40,"column":25},"end":{"line":40,"column":37}}]},"13":{"type":"branch","line":42,"loc":{"start":{"line":42,"column":9},"end":{"line":42,"column":45}},"locations":[{"start":{"line":42,"column":9},"end":{"line":42,"column":45}}]},"14":{"type":"branch","line":42,"loc":{"start":{"line":42,"column":45},"end":{"line":52,"column":5}},"locations":[{"start":{"line":42,"column":45},"end":{"line":52,"column":5}}]},"15":{"type":"branch","line":52,"loc":{"start":{"line":52,"column":4},"end":{"line":55,"column":37}},"locations":[{"start":{"line":52,"column":4},"end":{"line":55,"column":37}}]},"16":{"type":"branch","line":55,"loc":{"start":{"line":55,"column":28},"end":{"line":55,"column":48}},"locations":[{"start":{"line":55,"column":28},"end":{"line":55,"column":48}}]},"17":{"type":"branch","line":66,"loc":{"start":{"line":66,"column":28},"end":{"line":66,"column":41}},"locations":[{"start":{"line":66,"column":28},"end":{"line":66,"column":41}}]},"18":{"type":"branch","line":66,"loc":{"start":{"line":66,"column":37},"end":{"line":66,"column":70}},"locations":[{"start":{"line":66,"column":37},"end":{"line":66,"column":70}}]},"19":{"type":"branch","line":66,"loc":{"start":{"line":66,"column":54},"end":{"line":66,"column":68}},"locations":[{"start":{"line":66,"column":54},"end":{"line":66,"column":68}}]},"20":{"type":"branch","line":66,"loc":{"start":{"line":66,"column":64},"end":{"line":66,"column":70}},"locations":[{"start":{"line":66,"column":64},"end":{"line":66,"column":70}}]},"21":{"type":"branch","line":77,"loc":{"start":{"line":77,"column":7},"end":{"line":79,"column":1}},"locations":[{"start":{"line":77,"column":7},"end":{"line":79,"column":1}}]}},"b":{"0":[10],"1":[1],"2":[9],"3":[1],"4":[8],"5":[1],"6":[10],"7":[0],"8":[1],"9":[0],"10":[12],"11":[11],"12":[0],"13":[10],"14":[1],"15":[10],"16":[8],"17":[1],"18":[9],"19":[1],"20":[8],"21":[8]},"fnMap":{"0":{"name":"generateQueries","decl":{"start":{"line":6,"column":0},"end":{"line":15,"column":1}},"loc":{"start":{"line":6,"column":0},"end":{"line":15,"column":1}},"line":6},"1":{"name":"extractSubtopics","decl":{"start":{"line":17,"column":0},"end":{"line":24,"column":1}},"loc":{"start":{"line":17,"column":0},"end":{"line":24,"column":1}},"line":17},"2":{"name":"PlanningAgent","decl":{"start":{"line":27,"column":2},"end":{"line":36,"column":3}},"loc":{"start":{"line":27,"column":2},"end":{"line":36,"column":3}},"line":27},"3":{"name":"execute","decl":{"start":{"line":38,"column":2},"end":{"line":74,"column":3}},"loc":{"start":{"line":38,"column":2},"end":{"line":74,"column":3}},"line":38},"4":{"name":"createPlanningAgent","decl":{"start":{"line":77,"column":7},"end":{"line":79,"column":1}},"loc":{"start":{"line":77,"column":7},"end":{"line":79,"column":1}},"line":77}},"f":{"0":10,"1":10,"2":12,"3":11,"4":8}}
,"/Users/liantian/workspace/osprojects/deepclaw/src/agents/search_agent.ts": {"path":"/Users/liantian/workspace/osprojects/deepclaw/src/agents/search_agent.ts","all":false,"statementMap":{"0":{"start":{"line":1,"column":0},"end":{"line":1,"column":44}},"1":{"start":{"line":2,"column":0},"end":{"line":2,"column":70}},"2":{"start":{"line":3,"column":0},"end":{"line":3,"column":39}},"3":{"start":{"line":4,"column":0},"end":{"line":4,"column":0}},"4":{"start":{"line":5,"column":0},"end":{"line":5,"column":44}},"5":{"start":{"line":6,"column":0},"end":{"line":6,"column":68}},"6":{"start":{"line":7,"column":0},"end":{"line":7,"column":11}},"7":{"start":{"line":8,"column":0},"end":{"line":8,"column":29}},"8":{"start":{"line":9,"column":0},"end":{"line":9,"column":26}},"9":{"start":{"line":10,"column":0},"end":{"line":10,"column":75}},"10":{"start":{"line":11,"column":0},"end":{"line":11,"column":20}},"11":{"start":{"line":12,"column":0},"end":{"line":12,"column":23}},"12":{"start":{"line":13,"column":0},"end":{"line":13,"column":16}},"13":{"start":{"line":14,"column":0},"end":{"line":14,"column":7}},"14":{"start":{"line":15,"column":0},"end":{"line":15,"column":3}},"15":{"start":{"line":16,"column":0},"end":{"line":16,"column":0}},"16":{"start":{"line":17,"column":0},"end":{"line":17,"column":56}},"17":{"start":{"line":18,"column":0},"end":{"line":18,"column":116}},"18":{"start":{"line":19,"column":0},"end":{"line":19,"column":41}},"19":{"start":{"line":20,"column":0},"end":{"line":20,"column":0}},"20":{"start":{"line":21,"column":0},"end":{"line":21,"column":31}},"21":{"start":{"line":22,"column":0},"end":{"line":22,"column":14}},"22":{"start":{"line":23,"column":0},"end":{"line":23,"column":24}},"23":{"start":{"line":24,"column":0},"end":{"line":24,"column":31}},"24":{"start":{"line":25,"column":0},"end":{"line":25,"column":25}},"25":{"start":{"line":26,"column":0},"end":{"line":26,"column":21}},"26":{"start":{"line":27,"column":0},"end":{"line":27,"column":22}},"27":{"start":{"line":28,"column":0},"end":{"line":28,"column":35}},"28":{"start":{"line":29,"column":0},"end":{"line":29,"column":34}},"29":{"start":{"line":30,"column":0},"end":{"line":30,"column":8}},"30":{"start":{"line":31,"column":0},"end":{"line":31,"column":5}},"31":{"start":{"line":32,"column":0},"end":{"line":32,"column":0}},"32":{"start":{"line":33,"column":0},"end":{"line":33,"column":44}},"33":{"start":{"line":34,"column":0},"end":{"line":34,"column":45}},"34":{"start":{"line":35,"column":0},"end":{"line":35,"column":32}},"35":{"start":{"line":36,"column":0},"end":{"line":36,"column":40}},"36":{"start":{"line":37,"column":0},"end":{"line":37,"column":71}},"37":{"start":{"line":38,"column":0},"end":{"line":38,"column":83}},"38":{"start":{"line":39,"column":0},"end":{"line":39,"column":81}},"39":{"start":{"line":40,"column":0},"end":{"line":40,"column":23}},"40":{"start":{"line":41,"column":0},"end":{"line":41,"column":8}},"41":{"start":{"line":42,"column":0},"end":{"line":42,"column":0}},"42":{"start":{"line":43,"column":0},"end":{"line":43,"column":95}},"43":{"start":{"line":44,"column":0},"end":{"line":44,"column":0}},"44":{"start":{"line":45,"column":0},"end":{"line":45,"column":12}},"45":{"start":{"line":46,"column":0},"end":{"line":46,"column":22}},"46":{"start":{"line":47,"column":0},"end":{"line":47,"column":29}},"47":{"start":{"line":48,"column":0},"end":{"line":48,"column":24}},"48":{"start":{"line":49,"column":0},"end":{"line":49,"column":15}},"49":{"start":{"line":50,"column":0},"end":{"line":50,"column":25}},"50":{"start":{"line":51,"column":0},"end":{"line":51,"column":29}},"51":{"start":{"line":52,"column":0},"end":{"line":52,"column":96}},"52":{"start":{"line":53,"column":0},"end":{"line":53,"column":8}},"53":{"start":{"line":54,"column":0},"end":{"line":54,"column":20}},"54":{"start":{"line":55,"column":0},"end":{"line":55,"column":60}},"55":{"start":{"line":56,"column":0},"end":{"line":56,"column":17}},"56":{"start":{"line":57,"column":0},"end":{"line":57,"column":6}},"57":{"start":{"line":58,"column":0},"end":{"line":58,"column":3}},"58":{"start":{"line":59,"column":0},"end":{"line":59,"column":1}},"59":{"start":{"line":60,"column":0},"end":{"line":60,"column":0}},"60":{"start":{"line":61,"column":0},"end":{"line":61,"column":50}},"61":{"start":{"line":62,"column":0},"end":{"line":62,"column":27}},"62":{"start":{"line":63,"column":0},"end":{"line":63,"column":1}}},"s":{"0":1,"1":1,"2":1,"3":1,"4":1,"5":1,"6":12,"7":12,"8":12,"9":12,"10":12,"11":12,"12":12,"13":12,"14":12,"15":1,"16":1,"17":12,"18":12,"19":12,"20":12,"21":5,"22":5,"23":5,"24":5,"25":5,"26":5,"27":5,"28":5,"29":5,"30":5,"31":7,"32":7,"33":11,"34":11,"35":11,"36":11,"37":11,"38":11,"39":11,"40":7,"41":7,"42":7,"43":7,"44":7,"45":7,"46":7,"47":7,"48":7,"49":7,"50":7,"51":7,"52":7,"53":7,"54":7,"55":7,"56":7,"57":12,"58":1,"59":1,"60":1,"61":8,"62":8},"branchMap":{"0":{"type":"branch","line":6,"loc":{"start":{"line":6,"column":2},"end":{"line":15,"column":3}},"locations":[{"start":{"line":6,"column":2},"end":{"line":15,"column":3}}]},"1":{"type":"branch","line":17,"loc":{"start":{"line":17,"column":2},"end":{"line":58,"column":3}},"locations":[{"start":{"line":17,"column":2},"end":{"line":58,"column":3}}]},"2":{"type":"branch","line":19,"loc":{"start":{"line":19,"column":27},"end":{"line":19,"column":41}},"locations":[{"start":{"line":19,"column":27},"end":{"line":19,"column":41}}]},"3":{"type":"branch","line":21,"loc":{"start":{"line":21,"column":30},"end":{"line":31,"column":5}},"locations":[{"start":{"line":21,"column":30},"end":{"line":31,"column":5}}]},"4":{"type":"branch","line":31,"loc":{"start":{"line":31,"column":4},"end":{"line":57,"column":6}},"locations":[{"start":{"line":31,"column":4},"end":{"line":57,"column":6}}]},"5":{"type":"branch","line":33,"loc":{"start":{"line":33,"column":32},"end":{"line":41,"column":6}},"locations":[{"start":{"line":33,"column":32},"end":{"line":41,"column":6}}]},"6":{"type":"branch","line":43,"loc":{"start":{"line":43,"column":35},"end":{"line":43,"column":93}},"locations":[{"start":{"line":43,"column":35},"end":{"line":43,"column":93}}]},"7":{"type":"branch","line":43,"loc":{"start":{"line":43,"column":64},"end":{"line":43,"column":86}},"locations":[{"start":{"line":43,"column":64},"end":{"line":43,"column":86}}]},"8":{"type":"branch","line":61,"loc":{"start":{"line":61,"column":7},"end":{"line":63,"column":1}},"locations":[{"start":{"line":61,"column":7},"end":{"line":63,"column":1}}]}},"b":{"0":[12],"1":[12],"2":[4],"3":[5],"4":[7],"5":[11],"6":[11],"7":[16],"8":[8]},"fnMap":{"0":{"name":"SearchAgent","decl":{"start":{"line":6,"column":2},"end":{"line":15,"column":3}},"loc":{"start":{"line":6,"column":2},"end":{"line":15,"column":3}},"line":6},"1":{"name":"execute","decl":{"start":{"line":17,"column":2},"end":{"line":58,"column":3}},"loc":{"start":{"line":17,"column":2},"end":{"line":58,"column":3}},"line":17},"2":{"name":"createSearchAgent","decl":{"start":{"line":61,"column":7},"end":{"line":63,"column":1}},"loc":{"start":{"line":61,"column":7},"end":{"line":63,"column":1}},"line":61}},"f":{"0":12,"1":12,"2":8}}
,"/Users/liantian/workspace/osprojects/deepclaw/src/agents/synthesis_agent.ts": {"path":"/Users/liantian/workspace/osprojects/deepclaw/src/agents/synthesis_agent.ts","all":false,"statementMap":{"0":{"start":{"line":1,"column":0},"end":{"line":1,"column":44}},"1":{"start":{"line":2,"column":0},"end":{"line":2,"column":70}},"2":{"start":{"line":3,"column":0},"end":{"line":3,"column":39}},"3":{"start":{"line":4,"column":0},"end":{"line":4,"column":0}},"4":{"start":{"line":5,"column":0},"end":{"line":5,"column":33}},"5":{"start":{"line":6,"column":0},"end":{"line":6,"column":0}},"6":{"start":{"line":7,"column":0},"end":{"line":7,"column":47}},"7":{"start":{"line":8,"column":0},"end":{"line":8,"column":68}},"8":{"start":{"line":9,"column":0},"end":{"line":9,"column":11}},"9":{"start":{"line":10,"column":0},"end":{"line":10,"column":32}},"10":{"start":{"line":11,"column":0},"end":{"line":11,"column":29}},"11":{"start":{"line":12,"column":0},"end":{"line":12,"column":81}},"12":{"start":{"line":13,"column":0},"end":{"line":13,"column":20}},"13":{"start":{"line":14,"column":0},"end":{"line":14,"column":23}},"14":{"start":{"line":15,"column":0},"end":{"line":15,"column":16}},"15":{"start":{"line":16,"column":0},"end":{"line":16,"column":7}},"16":{"start":{"line":17,"column":0},"end":{"line":17,"column":3}},"17":{"start":{"line":18,"column":0},"end":{"line":18,"column":0}},"18":{"start":{"line":19,"column":0},"end":{"line":19,"column":56}},"19":{"start":{"line":20,"column":0},"end":{"line":20,"column":33}},"20":{"start":{"line":21,"column":0},"end":{"line":21,"column":71}},"21":{"start":{"line":22,"column":0},"end":{"line":22,"column":21}},"22":{"start":{"line":23,"column":0},"end":{"line":23,"column":18}},"23":{"start":{"line":24,"column":0},"end":{"line":24,"column":41}},"24":{"start":{"line":25,"column":0},"end":{"line":25,"column":0}},"25":{"start":{"line":26,"column":0},"end":{"line":26,"column":12}},"26":{"start":{"line":27,"column":0},"end":{"line":27,"column":22}},"27":{"start":{"line":28,"column":0},"end":{"line":28,"column":29}},"28":{"start":{"line":29,"column":0},"end":{"line":29,"column":57}},"29":{"start":{"line":30,"column":0},"end":{"line":30,"column":15}},"30":{"start":{"line":31,"column":0},"end":{"line":31,"column":89}},"31":{"start":{"line":32,"column":0},"end":{"line":32,"column":28}},"32":{"start":{"line":33,"column":0},"end":{"line":33,"column":28}},"33":{"start":{"line":34,"column":0},"end":{"line":34,"column":94}},"34":{"start":{"line":35,"column":0},"end":{"line":35,"column":27}},"35":{"start":{"line":36,"column":0},"end":{"line":36,"column":8}},"36":{"start":{"line":37,"column":0},"end":{"line":37,"column":20}},"37":{"start":{"line":38,"column":0},"end":{"line":38,"column":47}},"38":{"start":{"line":39,"column":0},"end":{"line":39,"column":17}},"39":{"start":{"line":40,"column":0},"end":{"line":40,"column":6}},"40":{"start":{"line":41,"column":0},"end":{"line":41,"column":3}},"41":{"start":{"line":42,"column":0},"end":{"line":42,"column":0}},"42":{"start":{"line":43,"column":0},"end":{"line":43,"column":106}},"43":{"start":{"line":44,"column":0},"end":{"line":44,"column":20}},"44":{"start":{"line":45,"column":0},"end":{"line":45,"column":20}},"45":{"start":{"line":46,"column":0},"end":{"line":46,"column":22}},"46":{"start":{"line":47,"column":0},"end":{"line":47,"column":29}},"47":{"start":{"line":48,"column":0},"end":{"line":48,"column":6}},"48":{"start":{"line":49,"column":0},"end":{"line":49,"column":110}},"49":{"start":{"line":50,"column":0},"end":{"line":50,"column":46}},"50":{"start":{"line":51,"column":0},"end":{"line":51,"column":52}},"51":{"start":{"line":52,"column":0},"end":{"line":52,"column":90}},"52":{"start":{"line":53,"column":0},"end":{"line":53,"column":28}},"53":{"start":{"line":54,"column":0},"end":{"line":54,"column":107}},"54":{"start":{"line":55,"column":0},"end":{"line":55,"column":9}},"55":{"start":{"line":56,"column":0},"end":{"line":56,"column":7}},"56":{"start":{"line":57,"column":0},"end":{"line":57,"column":5}},"57":{"start":{"line":58,"column":0},"end":{"line":58,"column":16}},"58":{"start":{"line":59,"column":0},"end":{"line":59,"column":3}},"59":{"start":{"line":60,"column":0},"end":{"line":60,"column":0}},"60":{"start":{"line":61,"column":0},"end":{"line":61,"column":72}},"61":{"start":{"line":62,"column":0},"end":{"line":62,"column":64}},"62":{"start":{"line":63,"column":0},"end":{"line":63,"column":64}},"63":{"start":{"line":64,"column":0},"end":{"line":64,"column":57}},"64":{"start":{"line":65,"column":0},"end":{"line":65,"column":25}},"65":{"start":{"line":66,"column":0},"end":{"line":66,"column":62}},"66":{"start":{"line":67,"column":0},"end":{"line":67,"column":61}},"67":{"start":{"line":68,"column":0},"end":{"line":68,"column":3}},"68":{"start":{"line":69,"column":0},"end":{"line":69,"column":1}},"69":{"start":{"line":70,"column":0},"end":{"line":70,"column":0}},"70":{"start":{"line":71,"column":0},"end":{"line":71,"column":56}},"71":{"start":{"line":72,"column":0},"end":{"line":72,"column":30}},"72":{"start":{"line":73,"column":0},"end":{"line":73,"column":1}}},"s":{"0":1,"1":1,"2":1,"3":1,"4":1,"5":1,"6":1,"7":1,"8":14,"9":14,"10":14,"11":14,"12":14,"13":14,"14":14,"15":14,"16":14,"17":1,"18":1,"19":13,"20":13,"21":13,"22":13,"23":13,"24":13,"25":13,"26":13,"27":13,"28":13,"29":13,"30":13,"31":13,"32":13,"33":13,"34":13,"35":13,"36":13,"37":13,"38":13,"39":13,"40":13,"41":1,"42":1,"43":13,"44":13,"45":13,"46":13,"47":13,"48":13,"49":13,"50":30,"51":193,"52":193,"53":192,"54":192,"55":193,"56":30,"57":13,"58":13,"59":1,"60":1,"61":193,"62":193,"63":193,"64":193,"65":193,"66":193,"67":193,"68":1,"69":1,"70":1,"71":10,"72":10},"branchMap":{"0":{"type":"branch","line":8,"loc":{"start":{"line":8,"column":2},"end":{"line":17,"column":3}},"locations":[{"start":{"line":8,"column":2},"end":{"line":17,"column":3}}]},"1":{"type":"branch","line":19,"loc":{"start":{"line":19,"column":2},"end":{"line":41,"column":3}},"locations":[{"start":{"line":19,"column":2},"end":{"line":41,"column":3}}]},"2":{"type":"branch","line":24,"loc":{"start":{"line":24,"column":27},"end":{"line":24,"column":41}},"locations":[{"start":{"line":24,"column":27},"end":{"line":24,"column":41}}]},"3":{"type":"branch","line":29,"loc":{"start":{"line":29,"column":31},"end":{"line":29,"column":47}},"locations":[{"start":{"line":29,"column":31},"end":{"line":29,"column":47}}]},"4":{"type":"branch","line":29,"loc":{"start":{"line":29,"column":35},"end":{"line":29,"column":57}},"locations":[{"start":{"line":29,"column":35},"end":{"line":29,"column":57}}]},"5":{"type":"branch","line":43,"loc":{"start":{"line":43,"column":10},"end":{"line":59,"column":3}},"locations":[{"start":{"line":43,"column":10},"end":{"line":59,"column":3}}]},"6":{"type":"branch","line":50,"loc":{"start":{"line":50,"column":45},"end":{"line":57,"column":5}},"locations":[{"start":{"line":50,"column":45},"end":{"line":57,"column":5}}]},"7":{"type":"branch","line":51,"loc":{"start":{"line":51,"column":51},"end":{"line":56,"column":7}},"locations":[{"start":{"line":51,"column":51},"end":{"line":56,"column":7}}]},"8":{"type":"branch","line":53,"loc":{"start":{"line":53,"column":27},"end":{"line":55,"column":9}},"locations":[{"start":{"line":53,"column":27},"end":{"line":55,"column":9}}]},"9":{"type":"branch","line":61,"loc":{"start":{"line":61,"column":10},"end":{"line":68,"column":3}},"locations":[{"start":{"line":61,"column":10},"end":{"line":68,"column":3}}]},"10":{"type":"branch","line":64,"loc":{"start":{"line":64,"column":48},"end":{"line":64,"column":57}},"locations":[{"start":{"line":64,"column":48},"end":{"line":64,"column":57}}]},"11":{"type":"branch","line":66,"loc":{"start":{"line":66,"column":28},"end":{"line":66,"column":62}},"locations":[{"start":{"line":66,"column":28},"end":{"line":66,"column":62}}]},"12":{"type":"branch","line":66,"loc":{"start":{"line":66,"column":47},"end":{"line":66,"column":62}},"locations":[{"start":{"line":66,"column":47},"end":{"line":66,"column":62}}]},"13":{"type":"branch","line":71,"loc":{"start":{"line":71,"column":7},"end":{"line":73,"column":1}},"locations":[{"start":{"line":71,"column":7},"end":{"line":73,"column":1}}]}},"b":{"0":[14],"1":[13],"2":[4],"3":[8],"4":[5],"5":[13],"6":[30],"7":[193],"8":[192],"9":[193],"10":[0],"11":[392],"12":[194],"13":[10]},"fnMap":{"0":{"name":"SynthesisAgent","decl":{"start":{"line":8,"column":2},"end":{"line":17,"column":3}},"loc":{"start":{"line":8,"column":2},"end":{"line":17,"column":3}},"line":8},"1":{"name":"execute","decl":{"start":{"line":19,"column":2},"end":{"line":41,"column":3}},"loc":{"start":{"line":19,"column":2},"end":{"line":41,"column":3}},"line":19},"2":{"name":"computeCrossReferences","decl":{"start":{"line":43,"column":10},"end":{"line":59,"column":3}},"loc":{"start":{"line":43,"column":10},"end":{"line":59,"column":3}},"line":43},"3":{"name":"computeAgreement","decl":{"start":{"line":61,"column":10},"end":{"line":68,"column":3}},"loc":{"start":{"line":61,"column":10},"end":{"line":68,"column":3}},"line":61},"4":{"name":"createSynthesisAgent","decl":{"start":{"line":71,"column":7},"end":{"line":73,"column":1}},"loc":{"start":{"line":71,"column":7},"end":{"line":73,"column":1}},"line":71}},"f":{"0":14,"1":13,"2":13,"3":193,"4":10}}
,"/Users/liantian/workspace/osprojects/deepclaw/src/agents/types.ts": {"path":"/Users/liantian/workspace/osprojects/deepclaw/src/agents/types.ts","all":false,"statementMap":{"0":{"start":{"line":1,"column":0},"end":{"line":1,"column":23}},"1":{"start":{"line":2,"column":0},"end":{"line":2,"column":24}},"2":{"start":{"line":3,"column":0},"end":{"line":3,"column":20}},"3":{"start":{"line":4,"column":0},"end":{"line":4,"column":26}},"4":{"start":{"line":5,"column":0},"end":{"line":5,"column":22}},"5":{"start":{"line":6,"column":0},"end":{"line":6,"column":1}},"6":{"start":{"line":7,"column":0},"end":{"line":7,"column":0}},"7":{"start":{"line":8,"column":0},"end":{"line":8,"column":25}},"8":{"start":{"line":9,"column":0},"end":{"line":9,"column":16}},"9":{"start":{"line":10,"column":0},"end":{"line":10,"column":20}},"10":{"start":{"line":11,"column":0},"end":{"line":11,"column":18}},"11":{"start":{"line":12,"column":0},"end":{"line":12,"column":18}},"12":{"start":{"line":13,"column":0},"end":{"line":13,"column":20}},"13":{"start":{"line":14,"column":0},"end":{"line":14,"column":1}},"14":{"start":{"line":15,"column":0},"end":{"line":15,"column":0}},"15":{"start":{"line":16,"column":0},"end":{"line":16,"column":25}},"16":{"start":{"line":17,"column":0},"end":{"line":17,"column":16}},"17":{"start":{"line":18,"column":0},"end":{"line":18,"column":16}},"18":{"start":{"line":19,"column":0},"end":{"line":19,"column":18}},"19":{"start":{"line":20,"column":0},"end":{"line":20,"column":26}},"20":{"start":{"line":21,"column":0},"end":{"line":21,"column":1}},"21":{"start":{"line":22,"column":0},"end":{"line":22,"column":0}},"22":{"start":{"line":23,"column":0},"end":{"line":23,"column":30}},"23":{"start":{"line":24,"column":0},"end":{"line":24,"column":18}},"24":{"start":{"line":25,"column":0},"end":{"line":25,"column":15}},"25":{"start":{"line":26,"column":0},"end":{"line":26,"column":25}},"26":{"start":{"line":27,"column":0},"end":{"line":27,"column":21}},"27":{"start":{"line":28,"column":0},"end":{"line":28,"column":20}},"28":{"start":{"line":29,"column":0},"end":{"line":29,"column":1}},"29":{"start":{"line":30,"column":0},"end":{"line":30,"column":0}},"30":{"start":{"line":31,"column":0},"end":{"line":31,"column":31}},"31":{"start":{"line":32,"column":0},"end":{"line":32,"column":13}},"32":{"start":{"line":33,"column":0},"end":{"line":33,"column":20}},"33":{"start":{"line":34,"column":0},"end":{"line":34,"column":18}},"34":{"start":{"line":35,"column":0},"end":{"line":35,"column":33}},"35":{"start":{"line":36,"column":0},"end":{"line":36,"column":17}},"36":{"start":{"line":37,"column":0},"end":{"line":37,"column":19}},"37":{"start":{"line":38,"column":0},"end":{"line":38,"column":18}},"38":{"start":{"line":39,"column":0},"end":{"line":39,"column":25}},"39":{"start":{"line":40,"column":0},"end":{"line":40,"column":1}},"40":{"start":{"line":41,"column":0},"end":{"line":41,"column":0}},"41":{"start":{"line":42,"column":0},"end":{"line":42,"column":28}},"42":{"start":{"line":43,"column":0},"end":{"line":43,"column":13}},"43":{"start":{"line":44,"column":0},"end":{"line":44,"column":18}},"44":{"start":{"line":45,"column":0},"end":{"line":45,"column":17}},"45":{"start":{"line":46,"column":0},"end":{"line":46,"column":17}},"46":{"start":{"line":47,"column":0},"end":{"line":47,"column":36}},"47":{"start":{"line":48,"column":0},"end":{"line":48,"column":19}},"48":{"start":{"line":49,"column":0},"end":{"line":49,"column":18}},"49":{"start":{"line":50,"column":0},"end":{"line":50,"column":1}},"50":{"start":{"line":51,"column":0},"end":{"line":51,"column":0}},"51":{"start":{"line":52,"column":0},"end":{"line":52,"column":30}},"52":{"start":{"line":53,"column":0},"end":{"line":53,"column":17}},"53":{"start":{"line":54,"column":0},"end":{"line":54,"column":18}},"54":{"start":{"line":55,"column":0},"end":{"line":55,"column":43}},"55":{"start":{"line":56,"column":0},"end":{"line":56,"column":18}},"56":{"start":{"line":57,"column":0},"end":{"line":57,"column":22}},"57":{"start":{"line":58,"column":0},"end":{"line":58,"column":12}},"58":{"start":{"line":59,"column":0},"end":{"line":59,"column":23}},"59":{"start":{"line":60,"column":0},"end":{"line":60,"column":24}},"60":{"start":{"line":61,"column":0},"end":{"line":61,"column":23}},"61":{"start":{"line":62,"column":0},"end":{"line":62,"column":4}},"62":{"start":{"line":63,"column":0},"end":{"line":63,"column":19}},"63":{"start":{"line":64,"column":0},"end":{"line":64,"column":1}},"64":{"start":{"line":65,"column":0},"end":{"line":65,"column":0}},"65":{"start":{"line":66,"column":0},"end":{"line":66,"column":36}},"66":{"start":{"line":67
[...]
":{"line":93,"column":19},"end":{"line":93,"column":48}},"locations":[{"start":{"line":93,"column":19},"end":{"line":93,"column":48}}]},"8":{"type":"branch","line":96,"loc":{"start":{"line":96,"column":0},"end":{"line":118,"column":1}},"locations":[{"start":{"line":96,"column":0},"end":{"line":118,"column":1}}]},"9":{"type":"branch","line":99,"loc":{"start":{"line":99,"column":34},"end":{"line":106,"column":3}},"locations":[{"start":{"line":99,"column":34},"end":{"line":106,"column":3}}]},"10":{"type":"branch","line":101,"loc":{"start":{"line":101,"column":11},"end":{"line":105,"column":5}},"locations":[{"start":{"line":101,"column":11},"end":{"line":105,"column":5}}]},"11":{"type":"branch","line":106,"loc":{"start":{"line":106,"column":2},"end":{"line":109,"column":46}},"locations":[{"start":{"line":106,"column":2},"end":{"line":109,"column":46}}]},"12":{"type":"branch","line":109,"loc":{"start":{"line":109,"column":39},"end":{"line":118,"column":1}},"locations":[{"start":{"line":109,"column":39},"end":{"line":118,"column":1}}]},"13":{"type":"branch","line":121,"loc":{"start":{"line":121,"column":2},"end":{"line":150,"column":3}},"locations":[{"start":{"line":121,"column":2},"end":{"line":150,"column":3}}]},"14":{"type":"branch","line":126,"loc":{"start":{"line":126,"column":70},"end":{"line":135,"column":5}},"locations":[{"start":{"line":126,"column":70},"end":{"line":135,"column":5}}]},"15":{"type":"branch","line":127,"loc":{"start":{"line":127,"column":21},"end":{"line":127,"column":72}},"locations":[{"start":{"line":127,"column":21},"end":{"line":127,"column":72}}]},"16":{"type":"branch","line":127,"loc":{"start":{"line":127,"column":72},"end":{"line":134,"column":7}},"locations":[{"start":{"line":127,"column":72},"end":{"line":134,"column":7}}]},"17":{"type":"branch","line":129,"loc":{"start":{"line":129,"column":27},"end":{"line":129,"column":49}},"locations":[{"start":{"line":129,"column":27},"end":{"line":129,"column":49}}]},"18":{"type":"branch","line":129,"loc":{"start":{"line":129,"column":38},"end":{"line":132,"column":36}},"locations":[{"start":{"line":129,"column":38},"end":{"line":132,"column":36}}]},"19":{"type":"branch","line":130,"loc":{"start":{"line":130,"column":42},"end":{"line":132,"column":36}},"locations":[{"start":{"line":130,"column":42},"end":{"line":132,"column":36}}]},"20":{"type":"branch","line":135,"loc":{"start":{"line":135,"column":4},"end":{"line":137,"column":42}},"locations":[{"start":{"line":135,"column":4},"end":{"line":137,"column":42}}]},"21":{"type":"branch","line":137,"loc":{"start":{"line":137,"column":42},"end":{"line":140,"column":15}},"locations":[{"start":{"line":137,"column":42},"end":{"line":140,"column":15}}]},"22":{"type":"branch","line":140,"loc":{"start":{"line":140,"column":4},"end":{"line":143,"column":5}},"locations":[{"start":{"line":140,"column":4},"end":{"line":143,"column":5}}]},"23":{"type":"branch","line":140,"loc":{"start":{"line":140,"column":48},"end":{"line":143,"column":5}},"locations":[{"start":{"line":140,"column":48},"end":{"line":143,"column":5}}]},"24":{"type":"branch","line":143,"loc":{"start":{"line":143,"column":4},"end":{"line":145,"column":36}},"locations":[{"start":{"line":143,"column":4},"end":{"line":145,"column":36}}]},"25":{"type":"branch","line":145,"loc":{"start":{"line":145,"column":36},"end":{"line":147,"column":5}},"locations":[{"start":{"line":145,"column":36},"end":{"line":147,"column":5}}]},"26":{"type":"branch","line":147,"loc":{"start":{"line":147,"column":4},"end":{"line":149,"column":82}},"locations":[{"start":{"line":147,"column":4},"end":{"line":149,"column":82}}]},"27":{"type":"branch","line":154,"loc":{"start":{"line":154,"column":2},"end":{"line":177,"column":3}},"locations":[{"start":{"line":154,"column":2},"end":{"line":177,"column":3}}]},"28":{"type":"branch","line":155,"loc":{"start":{"line":155,"column":9},"end":{"line":155,"column":30}},"locations":[{"start":{"line":155,"column":9},"end":{"line":155,"column":30}}]},"29":{"type":"branch","line":155,"loc":{"start":{"line":155,"column":30},"end":{"line":157,"column":5}},"locations":[{"start":{"line":155,"column":30},"end":{"line":157,"column":5}}]},"30":{"type":"branch","line":157,"loc":{"start":{"line":157,"column":4},"end":{"line":159,"column":47}},"locations":[{"start":{"line":157,"column":4},"end":{"line":159,"column":47}}]},"31":{"type":"branch","line":159,"loc":{"start":{"line":159,"column":43},"end":{"line":159,"column":52}},"locations":[{"start":{"line":159,"column":43},"end":{"line":159,"column":52}}]},"32":{"type":"branch","line":160,"loc":{"start":{"line":160,"column":16},"end":{"line":160,"column":47}},"locations":[{"start":{"line":160,"column":16},"end":{"line":160,"column":47}}]},"33":{"type":"branch","line":160,"loc":{"start":{"line":160,"column":43},"end":{"line":160,"column":52}},"locations":[{"start":{"line":160,"column":43},"end":{"line":160,"column":52}}]},"34":{"type":"branch","line":162,"loc":{"start":{"line":162,"column":22},"end":{"line":162,"column":36}},"locations":[{"start":{"line":162,"column":22},"end":{"line":162,"column":36}}]},"35":{"type":"branch","line":162,"loc":{"start":{"line":162,"column":29},"end":{"line":162,"column":61}},"locations":[{"start":{"line":162,"column":29},"end":{"line":162,"column":61}}]},"36":{"type":"branch","line":162,"loc":{"start":{"line":162,"column":54},"end":{"line":162,"column":72}},"locations":[{"start":{"line":162,"column":54},"end":{"line":162,"column":72}}]},"37":{"type":"branch","line":162,"loc":{"start":{"line":162,"column":61},"end":{"line":162,"column":72}},"locations":[{"start":{"line":162,"column":61},"end":{"line":162,"column":72}}]},"38":{"type":"branch","line":163,"loc":{"start":{"line":163,"column":20},"end":{"line":165,"column":5}},"locations":[{"start":{"line":163,"column":20},"end":{"line":165,"column":5}}]},"39":{"type":"branch","line":165,"loc":{"start":{"line":165,"column":4},"end":{"line":170,"column":44}},"locations":[{"start":{"line":165,"column":4},"end":{"line":170,"column":44}}]},"40":{"type":"branch","line":170,"loc":{"start":{"line":170,"column":44},"end":{"line":174,"column":5}},"locations":[{"start":{"line":170,"column":44},"end":{"line":174,"column":5}}]},"41":{"type":"branch","line":171,"loc":{"start":{"line":171,"column":35},"end":{"line":173,"column":7}},"locations":[{"start":{"line":171,"column":35},"end":{"line":173,"column":7}}]},"42":{"type":"branch","line":174,"loc":{"start":{"line":174,"column":4},"end":{"line":176,"column":116}},"locations":[{"start":{"line":174,"column":4},"end":{"line":176,"column":116}}]},"43":{"type":"branch","line":180,"loc":{"start":{"line":180,"column":26},"end":{"line":213,"column":1}},"locations":[{"start":{"line":180,"column":26},"end":{"line":213,"column":1}}]},"44":{"type":"branch","line":187,"loc":{"start":{"line":187,"column":2},"end":{"line":197,"column":3}},"locations":[{"start":{"line":187,"column":2},"end":{"line":197,"column":3}}]},"45":{"type":"branch","line":188,"loc":{"start":{"line":188,"column":24},"end":{"line":188,"column":43}},"locations":[{"start":{"line":188,"column":24},"end":{"line":188,"column":43}}]},"46":{"type":"branch","line":189,"loc":{"start":{"line":189,"column":27},"end":{"line":189,"column":49}},"locations":[{"start":{"line":189,"column":27},"end":{"line":189,"column":49}}]},"47":{"type":"branch","line":190,"loc":{"start":{"line":190,"column":27},"end":{"line":190,"column":49}},"locations":[{"start":{"line":190,"column":27},"end":{"line":190,"column":49}}]},"48":{"type":"branch","line":192,"loc":{"start":{"line":192,"column":39},"end":{"line":194,"column":5}},"locations":[{"start":{"line":192,"column":39},"end":{"line":194,"column":5}}]},"49":{"type":"branch","line":199,"loc":{"start":{"line":199,"column":2},"end":{"line":212,"column":3}},"locations":[{"start":{"line":199,"column":2},"end":{"line":212,"column":3}}]},"50":{"type":"branch","line":202,"loc":{"start":{"line":202,"column":47},"end":{"line":202,"column":70}},"locations":[{"start":{"line":202,"column":47},"end":{"line":202,"column":70}}]},"51":{"type":"branch","line":215,"loc":{"start":{"line":215,"column":7},"end":{"line":218,"column":1}},"locations":[{"start":{"line":215,"column":7},"end":{"line":218,"column":1}}]}},"b":{"0":[9],"1":[7],"2":[2],"3":[0],"4":[8],"5":[1],"6":[10],"7":[90],"8":[6],"9":[22],"10":[2],"11":[4],"12":[0],"13":[9],"14":[380],"15":[377],"16":[3],"17":[1],"18":[2],"19":[0],"20":[6],"21":[2],"22":[4],"23":[0],"24":[6],"25":[4],"26":[6],"27":[9],"28":[3],"29":[3],"30":[6],"31":[0],"32":[0],"33":[6],"34":[6],"35":[0],"36":[6],"37":[0],"38":[0],"39":[6],"40":[16],"41":[6],"42":[0],"43":[2],"44":[2],"45":[0],"46":[0],"47":[0],"48":[0],"49":[4],"50":[3],"51":[1]},"fnMap":{"0":{"name":"extractDomain","decl":{"start":{"line":80,"column":0},"end":{"line":90,"column":1}},"loc":{"start":{"line":80,"column":0},"end":{"line":90,"column":1}},"line":80},"1":{"name":"hasTld","decl":{"start":{"line":92,"column":0},"end":{"line":94,"column":1}},"loc":{"start":{"line":92,"column":0},"end":{"line":94,"column":1}},"line":92},"2":{"name":"parseDate","decl":{"start":{"line":96,"column":0},"end":{"line":118,"column":1}},"loc":{"start":{"line":96,"column":0},"end":{"line":118,"column":1}},"line":96},"3":{"name":"scoreDomain","decl":{"start":{"line":121,"column":2},"end":{"line":150,"column":3}},"loc":{"start":{"line":121,"column":2},"end":{"line":150,"column":3}},"line":121},"4":{"name":"scoreFreshness","decl":{"start":{"line":154,"column":2},"end":{"line":177,"column":3}},"loc":{"start":{"line":154,"column":2},"end":{"line":177,"column":3}},"line":154},"5":{"name":"<instance_members_initializer>","decl":{"start":{"line":180,"column":26},"end":{"line":213,"column":1}},"loc":{"start":{"line":180,"column":26},"end":{"line":213,"column":1}},"line":180},"6":{"name":"SourceScorer","decl":{"start":{"line":187,"column":2},"end":{"line":197,"column":3}},"loc":{"start":{"line":187,"column":2},"end":{"line":197,"column":3}},"line":187},"7":{"name":"scoreSource","decl":{"start":{"line":199,"column":2},"end":{"line":212,"column":3}},"loc":{"start":{"line":199,"column":2},"end":{"line":212,"column":3}},"line":199},"8":{"name":"scoreSource","decl":{"start":{"line":215,"column":7},"end":{"line":218,"column":1}},"loc":{"start":{"line":215,"column":7},"end":{"line":218,"column":1}},"line":215}},"f":{"0":9,"1":10,"2":6,"3":9,"4":9,"5":2,"6":2,"7":4,"8":1}}
,"/Users/liantian/workspace/osprojects/deepclaw/src/validation/types.ts": {"path":"/Users/liantian/workspace/osprojects/deepclaw/src/validation/types.ts","all":false,"statementMap":{"0":{"start":{"line":1,"column":0},"end":{"line":1,"column":23}},"1":{"start":{"line":2,"column":0},"end":{"line":2,"column":22}},"2":{"start":{"line":3,"column":0},"end":{"line":3,"column":22}},"3":{"start":{"line":4,"column":0},"end":{"line":4,"column":26}},"4":{"start":{"line":5,"column":0},"end":{"line":5,"column":28}},"5":{"start":{"line":6,"column":0},"end":{"line":6,"column":26}},"6":{"start":{"line":7,"column":0},"end":{"line":7,"column":22}},"7":{"start":{"line":8,"column":0},"end":{"line":8,"column":1}},"8":{"start":{"line":9,"column":0},"end":{"line":9,"column":0}},"9":{"start":{"line":10,"column":0},"end":{"line":10,"column":23}},"10":{"start":{"line":11,"column":0},"end":{"line":11,"column":14}},"11":{"start":{"line":12,"column":0},"end":{"line":12,"column":20}},"12":{"start":{"line":13,"column":0},"end":{"line":13,"column":16}},"13":{"start":{"line":14,"column":0},"end":{"line":14,"column":24}},"14":{"start":{"line":15,"column":0},"end":{"line":15,"column":1}},"15":{"start":{"line":16,"column":0},"end":{"line":16,"column":0}},"16":{"start":{"line":17,"column":0},"end":{"line":17,"column":27}},"17":{"start":{"line":18,"column":0},"end":{"line":18,"column":14}},"18":{"start":{"line":19,"column":0},"end":{"line":19,"column":14}},"19":{"start":{"line":20,"column":0},"end":{"line":20,"column":22}},"20":{"start":{"line":21,"column":0},"end":{"line":21,"column":1}},"21":{"start":{"line":22,"column":0},"end":{"line":22,"column":0}},"22":{"start":{"line":23,"column":0},"end":{"line":23,"column":32}},"23":{"start":{"line":24,"column":0},"end":{"line":24,"column":24}},"24":{"start":{"line":25,"column":0},"end":{"line":25,"column":18}},"25":{"start":{"line":26,"column":0},"end":{"line":26,"column":36}},"26":{"start":{"line":27,"column":0},"end":{"line":27,"column":32}},"27":{"start":{"line":28,"column":0},"end":{"line":28,"column":22}},"28":{"start":{"line":29,"column":0},"end":{"line":29,"column":1}},"29":{"start":{"line":30,"column":0},"end":{"line":30,"column":0}},"30":{"start":{"line":31,"column":0},"end":{"line":31,"column":31}},"31":{"start":{"line":32,"column":0},"end":{"line":32,"column":16}},"32":{"start":{"line":33,"column":0},"end":{"line":33,"column":15}},"33":{"start":{"line":34,"column":0},"end":{"line":34,"column":18}},"34":{"start":{"line":35,"column":0},"end":{"line":35,"column":19}},"35":{"start":{"line":36,"column":0},"end":{"line":36,"column":23}},"36":{"start":{"line":37,"column":0},"end":{"line":37,"column":1}},"37":{"start":{"line":38,"column":0},"end":{"line":38,"column":0}},"38":{"start":{"line":39,"column":0},"end":{"line":39,"column":24}},"39":{"start":{"line":40,"column":0},"end":{"line":40,"column":13}},"40":{"start":{"line":41,"column":0},"end":{"line":41,"column":15}},"41":{"start":{"line":42,"column":0},"end":{"line":42,"column":18}},"42":{"start":{"line":43,"column":0},"end":{"line":43,"column":21}},"43":{"start":{"line":44,"column":0},"end":{"line":44,"column":19}},"44":{"start":{"line":45,"column":0},"end":{"line":45,"column":17}},"45":{"start":{"line":46,"column":0},"end":{"line":46,"column":21}},"46":{"start":{"line":47,"column":0},"end":{"line":47,"column":23}},"47":{"start":{"line":48,"column":0},"end":{"line":48,"column":29}},"48":{"start":{"line":49,"column":0},"end":{"line":49,"column":18}},"49":{"start":{"line":50,"column":0},"end":{"line":50,"column":36}},"50":{"start":{"line":51,"column":0},"end":{"line":51,"column":1}},"51":{"start":{"line":52,"column":0},"end":{"line":52,"column":0}},"52":{"start":{"line":53,"column":0},"end":{"line":53,"column":30}},"53":{"start":{"line":54,"column":0},"end":{"line":54,"column":17}},"54":{"start":{"line":55,"column":0},"end":{"line":55,"column":21}},"55":{"start":{"line":56,"column":0},"end":{"line":56,"column":19}},"56":{"start":{"line":57,"column":0},"end":{"line":57,"column":1}},"57":{"start":{"line":58,"column":0},"end":{"line":58,"column":0}},"58":{"start":{"line":59,"column":0},"end":{"line":59,"column":33}},"59":{"start":{"line":60,"column":0},"end":{"line":60,"column":16}},"60":{"start":{"line":61,"column":0},"end":{"line":61,"column":29}},"61":{"start":{"line":62,"column":0},"end":{"line":62,"column":25}},"62":{"start":{"line":63,"column":0},"end":{"line":63,"column":19}},"63":{"start":{"line":64,"column":0},"end":{"line":64,"column":1}},"64":{"start":{"line":65,"column":0},"end":{"line":65,"column":0}},"65":{"start":{"line":66,"column":0},"end":{"line":66,"column":30}},"66":{"start":{"line":67,"column":0},"end":{"line":67,"column":22}},"67":{"start":{"line":68,"column":0},"end":{"line":68,"column":28}},"68":{"start":{"line":69,"column":0},"end":{"line":69,"column":28}},"69":{"start":{"line":70,"column":0},"end":{"line":70,"column":18}},"70":{"start":{"line":71,"column":0},"end":{"line":71,"column":1}},"71":{"start":{"line":72,"column":0},"end":{"line":72,"column":0}},"72":{"start":{"line":73,"column":0},"end":{"line":73,"column":33}},"73":{"start":{"line":74,"column":0},"end":{"line":74,"column":16}},"74":{"start":{"line":75,"column":0},"end":{"line":75,"column":22}},"75":{"start":{"line":76,"column":0},"end":{"line":76,"column":23}},"76":{"start":{"line":77,"column":0},"end":{"line":77,"column":25}},"77":{"start":{"line":78,"column":0},"end":{"line":78,"column":26}},"78":{"start":{"line":79,"column":0},"end":{"line":79,"column":1}},"79":{"start":{"line":80,"column":0},"end":{"line":80,"column":0}},"80":{"start":{"line":81,"column":0},"end":{"line":81,"column":33}},"81":{"start":{"line":82,"column":0},"end":{"line":82,"column":15}},"82":{"start":{"line":83,"column":0},"end":{"line":83,"column":22}},"83":{"start":{"line":84,"column":0},"end":{"line":84,"column":24}},"84":{"start":{"line":85,"column":0},"end":{"line":85,"column":28}},"85":{"start":{"line":86,"column":0},"end":{"line":86,"column":22}},"86":{"start":{"line":87,"column":0},"end":{"line":87,"column":19}},"87":{"start":{"line":88,"column":0},"end":{"line":88,"column":21}},"88":{"start":{"line":89,"column":0},"end":{"line":89,"column":28}},"89":{"start":{"line":90,"column":0},"end":{"line":90,"column":1}},"90":{"start":{"line":91,"column":0},"end":{"line":91,"column":0}},"91":{"start":{"line":92,"column":0},"end":{"line":92,"column":27}},"92":{"start":{"line":93,"column":0},"end":{"line":93,"column":14}},"93":{"start":{"line":94,"column":0},"end":{"line":94,"column":16}},"94":{"start":{"line":95,"column":0},"end":{"line":95,"column":19}},"95":{"start":{"line":96,"column":0},"end":{"line":96,"column":17}},"96":{"start":{"line":97,"column":0},"end":{"line":97,"column":23}},"97":{"start":{"line":98,"column":0},"end":{"line":98,"column":21}},"98":{"start":{"line":99,"column":0},"end":{"line":99,"column":23}},"99":{"start":{"line":100,"column":0},"end":{"line":100,"column":26}},"100":{"start":{"line":101,"column":0},"end":{"line":101,"column":18}},"101":{"start":{"line":102,"column":0},"end":{"line":102,"column":20}},"102":{"start":{"line":103,"column":0},"end":{"line":103,"column":36}},"103":{"start":{"line":104,"column":0},"end":{"line":104,"column":1}},"104":{"start":{"line":105,"column":0},"end":{"line":105,"column":0}},"105":{"start":{"line":106,"column":0},"end":{"line":106,"column":37}},"106":{"start":{"line":107,"column":0},"end":{"line":107,"column":15}},"107":{"start":{"line":108,"column":0},"end":{"line":108,"column":29}},"108":{"start":{"line":109,"column":0},"end":{"line":109,"column":21}},"109":{"start":{"line":110,"column":0},"end":{"line":110,"column":22}},"110":{"start":{"line":111,"column":0},"end":{"line":111,"column":28}},"111":{"start":{"line":112,"column":0},"end":{"line":112,"column":31}},"112":{"start":{"line":113,"column":0},"end":{"line":113,"column":18}},"113":{"start":{"line":114,"column":0},"end":{"line":114,"column":16}},"114":{"start":{"line":115,"column":0},"end":{"line":115,"column":1}}},"s":{"0":1,"1":1,"2":1,"3":1,"4":1,"5":1,"6":1,"7":1,"8":1,"9":1,"10":1,"11":1,"12":1,"13":1,"14":1,"15":1,"16":1,"17":1,"18":1,"19":1,"20":1,"21":1,"22":1,"23":1,"24":1,"25":1,"26":1,"27":1,"28":1,"29":1,"30":1,"31":1,"32":1,"33":1,"34":1,"35":1,"36":1,"37":1,"38":1,"39":1,"40":1,"41":1,"42":1,"43":1,"44":1,"45":1,"46":1,"47":1,"48":1,"49":1,"50":1,"51":1,"52":1,"53":1,"54":1,"55":1,"56":1,"57":1,"58":1,"59":1,"60":1,"61":1,"62":1,"63":1,"64":1,"65":1,"66":1,"67":1,"68":1,"69":1,"70":1,"71":1,"72":1,"73":1,"74":1,"75":1,"76":1,"77":1,"78":1,"79":1,"80":1,"81":1,"82":1,"83":1,"84":1,"85":1,"86":1,"87":1,"88":1,"89":1,"90":1,"91":1,"92":1,"93":1,"94":1,"95":1,"96":1,"97":1,"98":1,"99":1,"100":1,"101":1,"102":1,"103":1,"104":1,"105":1,"106":1,"107":1,"108":1,"109":1,"110":1,"111":1,"112":1,"113":1,"114":1},"branchMap":{"0":{"type":"branch","line":1,"loc":{"start":{"line":1,"column":7},"end":{"line":1,"column":23}},"locations":[{"start":{"line":1,"column":7},"end":{"line":1,"column":23}}]},"1":{"type":"branch","line":10,"loc":{"start":{"line":10,"column":7},"end":{"line":10,"column":23}},"locations":[{"start":{"line":10,"column":7},"end":{"line":10,"column":23}}]},"2":{"type":"branch","line":17,"loc":{"start":{"line":17,"column":7},"end":{"line":17,"column":27}},"locations":[{"start":{"line":17,"column":7},"end":{"line":17,"column":27}}]},"3":{"type":"branch","line":23,"loc":{"start":{"line":23,"column":7},"end":{"line":23,"column":32}},"locations":[{"start":{"line":23,"column":7},"end":{"line":23,"column":32}}]}},"b":{"0":[7],"1":[7],"2":[7],"3":[7]},"fnMap":{},"f":{}}
}
